mode: set
github.com/rivaas-dev/rivaas/router/examples/04-rest-api/main.go:31.32,39.2 1 0
github.com/rivaas-dev/rivaas/router/examples/04-rest-api/main.go:41.35,46.31 4 0
github.com/rivaas-dev/rivaas/router/examples/04-rest-api/main.go:46.31,48.3 1 0
github.com/rivaas-dev/rivaas/router/examples/04-rest-api/main.go:49.2,49.14 1 0
github.com/rivaas-dev/rivaas/router/examples/04-rest-api/main.go:52.46,58.2 4 0
github.com/rivaas-dev/rivaas/router/examples/04-rest-api/main.go:60.53,74.2 6 0
github.com/rivaas-dev/rivaas/router/examples/04-rest-api/main.go:76.69,81.9 4 0
github.com/rivaas-dev/rivaas/router/examples/04-rest-api/main.go:81.9,83.3 1 0
github.com/rivaas-dev/rivaas/router/examples/04-rest-api/main.go:85.2,89.19 5 0
github.com/rivaas-dev/rivaas/router/examples/04-rest-api/main.go:92.41,96.31 3 0
github.com/rivaas-dev/rivaas/router/examples/04-rest-api/main.go:96.31,98.3 1 0
github.com/rivaas-dev/rivaas/router/examples/04-rest-api/main.go:99.2,100.13 2 0
github.com/rivaas-dev/rivaas/router/examples/04-rest-api/main.go:103.13,115.44 6 0
github.com/rivaas-dev/rivaas/router/examples/04-rest-api/main.go:115.44,121.3 2 0
github.com/rivaas-dev/rivaas/router/examples/04-rest-api/main.go:124.2,124.48 1 0
github.com/rivaas-dev/rivaas/router/examples/04-rest-api/main.go:124.48,126.17 2 0
github.com/rivaas-dev/rivaas/router/examples/04-rest-api/main.go:126.17,131.4 2 0
github.com/rivaas-dev/rivaas/router/examples/04-rest-api/main.go:133.3,134.10 2 0
github.com/rivaas-dev/rivaas/router/examples/04-rest-api/main.go:134.10,139.4 2 0
github.com/rivaas-dev/rivaas/router/examples/04-rest-api/main.go:141.3,141.30 1 0
github.com/rivaas-dev/rivaas/router/examples/04-rest-api/main.go:145.2,145.45 1 0
github.com/rivaas-dev/rivaas/router/examples/04-rest-api/main.go:145.45,151.72 2 0
github.com/rivaas-dev/rivaas/router/examples/04-rest-api/main.go:151.72,156.4 2 0
github.com/rivaas-dev/rivaas/router/examples/04-rest-api/main.go:158.3,158.44 1 0
github.com/rivaas-dev/rivaas/router/examples/04-rest-api/main.go:158.44,163.4 2 0
github.com/rivaas-dev/rivaas/router/examples/04-rest-api/main.go:165.3,166.35 2 0
github.com/rivaas-dev/rivaas/router/examples/04-rest-api/main.go:170.2,170.48 1 0
github.com/rivaas-dev/rivaas/router/examples/04-rest-api/main.go:170.48,172.17 2 0
github.com/rivaas-dev/rivaas/router/examples/04-rest-api/main.go:172.17,177.4 2 0
github.com/rivaas-dev/rivaas/router/examples/04-rest-api/main.go:179.3,184.72 2 0
github.com/rivaas-dev/rivaas/router/examples/04-rest-api/main.go:184.72,189.4 2 0
github.com/rivaas-dev/rivaas/router/examples/04-rest-api/main.go:191.3,192.10 2 0
github.com/rivaas-dev/rivaas/router/examples/04-rest-api/main.go:192.10,197.4 2 0
github.com/rivaas-dev/rivaas/router/examples/04-rest-api/main.go:199.3,199.30 1 0
github.com/rivaas-dev/rivaas/router/examples/04-rest-api/main.go:203.2,203.51 1 0
github.com/rivaas-dev/rivaas/router/examples/04-rest-api/main.go:203.51,205.17 2 0
github.com/rivaas-dev/rivaas/router/examples/04-rest-api/main.go:205.17,210.4 2 0
github.com/rivaas-dev/rivaas/router/examples/04-rest-api/main.go:212.3,212.24 1 0
github.com/rivaas-dev/rivaas/router/examples/04-rest-api/main.go:212.24,217.4 2 0
github.com/rivaas-dev/rivaas/router/examples/04-rest-api/main.go:219.3,221.5 1 0
github.com/rivaas-dev/rivaas/router/examples/04-rest-api/main.go:225.2,225.43 1 0
github.com/rivaas-dev/rivaas/router/examples/04-rest-api/main.go:225.43,229.3 1 0
github.com/rivaas-dev/rivaas/router/examples/04-rest-api/main.go:231.2,244.44 13 0
github.com/rivaas-dev/rivaas/router/examples/04-rest-api/main.go:248.42,249.33 1 0
github.com/rivaas-dev/rivaas/router/examples/04-rest-api/main.go:249.33,252.3 2 0
github.com/rivaas-dev/rivaas/router/examples/03-middleware/main.go:11.13,18.37 3 0
github.com/rivaas-dev/rivaas/router/examples/03-middleware/main.go:18.37,22.3 1 0
github.com/rivaas-dev/rivaas/router/examples/03-middleware/main.go:24.2,24.43 1 0
github.com/rivaas-dev/rivaas/router/examples/03-middleware/main.go:24.43,29.3 1 0
github.com/rivaas-dev/rivaas/router/examples/03-middleware/main.go:32.2,34.2 3 0
github.com/rivaas-dev/rivaas/router/examples/03-middleware/main.go:34.2,35.47 1 0
github.com/rivaas-dev/rivaas/router/examples/03-middleware/main.go:35.47,44.4 3 0
github.com/rivaas-dev/rivaas/router/examples/03-middleware/main.go:46.3,46.48 1 0
github.com/rivaas-dev/rivaas/router/examples/03-middleware/main.go:46.48,50.4 1 0
github.com/rivaas-dev/rivaas/router/examples/03-middleware/main.go:54.2,56.2 3 0
github.com/rivaas-dev/rivaas/router/examples/03-middleware/main.go:56.2,57.47 1 0
github.com/rivaas-dev/rivaas/router/examples/03-middleware/main.go:57.47,61.4 1 0
github.com/rivaas-dev/rivaas/router/examples/03-middleware/main.go:63.3,63.54 1 0
github.com/rivaas-dev/rivaas/router/examples/03-middleware/main.go:63.54,68.4 1 0
github.com/rivaas-dev/rivaas/router/examples/03-middleware/main.go:72.2,73.2 2 0
github.com/rivaas-dev/rivaas/router/examples/03-middleware/main.go:73.2,74.45 1 0
github.com/rivaas-dev/rivaas/router/examples/03-middleware/main.go:74.45,83.4 4 0
github.com/rivaas-dev/rivaas/router/examples/03-middleware/main.go:85.3,85.49 1 0
github.com/rivaas-dev/rivaas/router/examples/03-middleware/main.go:85.49,91.4 4 0
github.com/rivaas-dev/rivaas/router/examples/03-middleware/main.go:95.2,95.42 1 0
github.com/rivaas-dev/rivaas/router/examples/03-middleware/main.go:95.42,96.55 1 0
github.com/rivaas-dev/rivaas/router/examples/03-middleware/main.go:99.2,107.44 8 0
github.com/rivaas-dev/rivaas/router/examples/03-middleware/main.go:111.34,112.33 1 0
github.com/rivaas-dev/rivaas/router/examples/03-middleware/main.go:112.33,127.3 5 0
github.com/rivaas-dev/rivaas/router/examples/03-middleware/main.go:131.36,132.33 1 0
github.com/rivaas-dev/rivaas/router/examples/03-middleware/main.go:132.33,133.16 1 0
github.com/rivaas-dev/rivaas/router/examples/03-middleware/main.go:133.16,134.36 1 0
github.com/rivaas-dev/rivaas/router/examples/03-middleware/main.go:134.36,139.5 2 0
github.com/rivaas-dev/rivaas/router/examples/03-middleware/main.go:141.3,141.11 1 0
github.com/rivaas-dev/rivaas/router/examples/03-middleware/main.go:146.42,147.33 1 0
github.com/rivaas-dev/rivaas/router/examples/03-middleware/main.go:147.33,150.18 2 0
github.com/rivaas-dev/rivaas/router/examples/03-middleware/main.go:150.18,155.4 2 0
github.com/rivaas-dev/rivaas/router/examples/03-middleware/main.go:158.3,158.66 1 0
github.com/rivaas-dev/rivaas/router/examples/03-middleware/main.go:158.66,162.37 3 0
github.com/rivaas-dev/rivaas/router/examples/03-middleware/main.go:162.37,164.5 1 0
github.com/rivaas-dev/rivaas/router/examples/03-middleware/main.go:164.10,166.5 1 0
github.com/rivaas-dev/rivaas/router/examples/03-middleware/main.go:167.4,167.12 1 0
github.com/rivaas-dev/rivaas/router/examples/03-middleware/main.go:168.9,172.4 1 0
github.com/rivaas-dev/rivaas/router/examples/03-middleware/main.go:177.43,178.33 1 0
github.com/rivaas-dev/rivaas/router/examples/03-middleware/main.go:178.33,181.36 2 0
github.com/rivaas-dev/rivaas/router/examples/03-middleware/main.go:181.36,186.4 2 0
github.com/rivaas-dev/rivaas/router/examples/03-middleware/main.go:188.3,188.11 1 0
github.com/rivaas-dev/rivaas/router/examples/03-middleware/main.go:193.32,194.33 1 0
github.com/rivaas-dev/rivaas/router/examples/03-middleware/main.go:194.33,200.36 4 0
github.com/rivaas-dev/rivaas/router/examples/03-middleware/main.go:200.36,205.4 2 0
github.com/rivaas-dev/rivaas/router/examples/03-middleware/main.go:208.3,208.11 1 0
github.com/rivaas-dev/rivaas/router/examples/06-advanced-routing/main.go:10.13,72.2 37 0
github.com/rivaas-dev/rivaas/router/examples/06-advanced-routing/main.go:75.34,76.33 1 0
github.com/rivaas-dev/rivaas/router/examples/06-advanced-routing/main.go:76.33,79.3 2 0
github.com/rivaas-dev/rivaas/router/examples/06-advanced-routing/main.go:82.42,83.33 1 0
github.com/rivaas-dev/rivaas/router/examples/06-advanced-routing/main.go:83.33,85.18 2 0
github.com/rivaas-dev/rivaas/router/examples/06-advanced-routing/main.go:85.18,90.4 2 0
github.com/rivaas-dev/rivaas/router/examples/06-advanced-routing/main.go:91.3,91.11 1 0
github.com/rivaas-dev/rivaas/router/examples/06-advanced-routing/main.go:95.47,96.33 1 0
github.com/rivaas-dev/rivaas/router/examples/06-advanced-routing/main.go:96.33,99.3 1 0
github.com/rivaas-dev/rivaas/router/examples/06-advanced-routing/main.go:103.39,108.2 1 0
github.com/rivaas-dev/rivaas/router/examples/06-advanced-routing/main.go:110.39,120.2 1 0
github.com/rivaas-dev/rivaas/router/examples/06-advanced-routing/main.go:123.37,130.2 2 0
github.com/rivaas-dev/rivaas/router/examples/06-advanced-routing/main.go:132.39,139.2 2 0
github.com/rivaas-dev/rivaas/router/examples/06-advanced-routing/main.go:141.39,148.2 2 0
github.com/rivaas-dev/rivaas/router/examples/06-advanced-routing/main.go:150.37,157.2 2 0
github.com/rivaas-dev/rivaas/router/examples/06-advanced-routing/main.go:160.36,172.2 1 0
github.com/rivaas-dev/rivaas/router/examples/06-advanced-routing/main.go:174.35,182.2 2 0
github.com/rivaas-dev/rivaas/router/examples/06-advanced-routing/main.go:184.38,190.2 1 0
github.com/rivaas-dev/rivaas/router/examples/06-advanced-routing/main.go:192.36,208.2 1 0
github.com/rivaas-dev/rivaas/router/examples/06-advanced-routing/main.go:210.35,223.2 2 0
github.com/rivaas-dev/rivaas/router/examples/06-advanced-routing/main.go:225.38,236.2 1 0
github.com/rivaas-dev/rivaas/router/examples/06-advanced-routing/main.go:239.38,244.2 1 0
github.com/rivaas-dev/rivaas/router/examples/06-advanced-routing/main.go:246.41,251.2 1 0
github.com/rivaas-dev/rivaas/router/examples/06-advanced-routing/main.go:253.38,263.2 1 0
github.com/rivaas-dev/rivaas/router/examples/06-advanced-routing/main.go:265.41,275.2 1 0
github.com/rivaas-dev/rivaas/router/middleware/examples/recovery/main.go:13.13,36.56 13 0
github.com/rivaas-dev/rivaas/router/middleware/examples/recovery/main.go:36.56,38.3 1 0
github.com/rivaas-dev/rivaas/router/middleware/examples/recovery/main.go:42.37,46.48 2 0
github.com/rivaas-dev/rivaas/router/middleware/examples/recovery/main.go:46.48,48.33 1 0
github.com/rivaas-dev/rivaas/router/middleware/examples/recovery/main.go:51.2,51.41 1 0
github.com/rivaas-dev/rivaas/router/middleware/examples/recovery/main.go:51.41,55.3 1 0
github.com/rivaas-dev/rivaas/router/middleware/examples/recovery/main.go:59.45,64.67 2 0
github.com/rivaas-dev/rivaas/router/middleware/examples/recovery/main.go:64.67,73.4 1 0
github.com/rivaas-dev/rivaas/router/middleware/examples/recovery/main.go:76.2,76.51 1 0
github.com/rivaas-dev/rivaas/router/middleware/examples/recovery/main.go:76.51,80.3 2 0
github.com/rivaas-dev/rivaas/router/middleware/examples/recovery/main.go:84.44,89.80 2 0
github.com/rivaas-dev/rivaas/router/middleware/examples/recovery/main.go:89.80,99.4 1 0
github.com/rivaas-dev/rivaas/router/middleware/examples/recovery/main.go:103.2,103.54 1 0
github.com/rivaas-dev/rivaas/router/middleware/examples/recovery/main.go:103.54,104.61 1 0
github.com/rivaas-dev/rivaas/router/middleware/examples/recovery/main.go:109.40,121.80 2 0
github.com/rivaas-dev/rivaas/router/middleware/examples/recovery/main.go:121.80,123.4 1 0
github.com/rivaas-dev/rivaas/router/middleware/examples/recovery/main.go:126.67,128.27 1 0
github.com/rivaas-dev/rivaas/router/middleware/examples/recovery/main.go:129.16,134.7 1 0
github.com/rivaas-dev/rivaas/router/middleware/examples/recovery/main.go:135.15,139.7 1 0
github.com/rivaas-dev/rivaas/router/middleware/examples/recovery/main.go:140.12,144.7 1 0
github.com/rivaas-dev/rivaas/router/middleware/examples/recovery/main.go:149.2,149.58 1 0
github.com/rivaas-dev/rivaas/router/middleware/examples/recovery/main.go:149.58,152.20 2 0
github.com/rivaas-dev/rivaas/router/middleware/examples/recovery/main.go:153.17,154.35 1 0
github.com/rivaas-dev/rivaas/router/middleware/examples/recovery/main.go:155.16,156.47 1 0
github.com/rivaas-dev/rivaas/router/middleware/examples/recovery/main.go:157.14,159.19 2 0
github.com/rivaas-dev/rivaas/router/middleware/examples/recovery/main.go:160.11,161.31 1 0
github.com/rivaas-dev/rivaas/router/middleware/examples/recovery/main.go:167.41,176.80 2 0
github.com/rivaas-dev/rivaas/router/middleware/examples/recovery/main.go:176.80,184.4 1 0
github.com/rivaas-dev/rivaas/router/middleware/examples/recovery/main.go:187.67,193.4 1 0
github.com/rivaas-dev/rivaas/router/middleware/examples/recovery/main.go:196.2,196.10 1 0
github.com/rivaas-dev/rivaas/router/examples/02-routing/main.go:10.13,14.37 2 0
github.com/rivaas-dev/rivaas/router/examples/02-routing/main.go:14.37,18.3 1 0
github.com/rivaas-dev/rivaas/router/examples/02-routing/main.go:21.2,21.46 1 0
github.com/rivaas-dev/rivaas/router/examples/02-routing/main.go:21.46,27.3 2 0
github.com/rivaas-dev/rivaas/router/examples/02-routing/main.go:30.2,30.61 1 0
github.com/rivaas-dev/rivaas/router/examples/02-routing/main.go:30.61,35.3 1 0
github.com/rivaas-dev/rivaas/router/examples/02-routing/main.go:38.2,38.43 1 0
github.com/rivaas-dev/rivaas/router/examples/02-routing/main.go:38.43,42.3 1 0
github.com/rivaas-dev/rivaas/router/examples/02-routing/main.go:44.2,44.46 1 0
github.com/rivaas-dev/rivaas/router/examples/02-routing/main.go:44.46,49.3 1 0
github.com/rivaas-dev/rivaas/router/examples/02-routing/main.go:51.2,51.49 1 0
github.com/rivaas-dev/rivaas/router/examples/02-routing/main.go:51.49,56.3 1 0
github.com/rivaas-dev/rivaas/router/examples/02-routing/main.go:59.2,60.2 2 0
github.com/rivaas-dev/rivaas/router/examples/02-routing/main.go:60.2,61.48 1 0
github.com/rivaas-dev/rivaas/router/examples/02-routing/main.go:61.48,65.4 1 0
github.com/rivaas-dev/rivaas/router/examples/02-routing/main.go:67.3,67.52 1 0
github.com/rivaas-dev/rivaas/router/examples/02-routing/main.go:67.52,72.4 1 0
github.com/rivaas-dev/rivaas/router/examples/02-routing/main.go:76.2,77.2 2 0
github.com/rivaas-dev/rivaas/router/examples/02-routing/main.go:77.2,78.47 1 0
github.com/rivaas-dev/rivaas/router/examples/02-routing/main.go:78.47,82.4 1 0
github.com/rivaas-dev/rivaas/router/examples/02-routing/main.go:84.3,84.48 1 0
github.com/rivaas-dev/rivaas/router/examples/02-routing/main.go:84.48,88.4 1 0
github.com/rivaas-dev/rivaas/router/examples/02-routing/main.go:90.3,90.50 1 0
github.com/rivaas-dev/rivaas/router/examples/02-routing/main.go:90.50,94.4 1 0
github.com/rivaas-dev/rivaas/router/examples/02-routing/main.go:97.2,106.44 9 0
github.com/rivaas-dev/rivaas/router/middleware/basic_auth.go:41.48,49.2 1 1
github.com/rivaas-dev/rivaas/router/middleware/basic_auth.go:52.52,57.2 1 1
github.com/rivaas-dev/rivaas/router/middleware/basic_auth.go:68.66,69.36 1 1
github.com/rivaas-dev/rivaas/router/middleware/basic_auth.go:69.36,71.3 1 1
github.com/rivaas-dev/rivaas/router/middleware/basic_auth.go:81.55,82.36 1 1
github.com/rivaas-dev/rivaas/router/middleware/basic_auth.go:82.36,84.3 1 1
github.com/rivaas-dev/rivaas/router/middleware/basic_auth.go:96.93,97.36 1 1
github.com/rivaas-dev/rivaas/router/middleware/basic_auth.go:97.36,99.3 1 1
github.com/rivaas-dev/rivaas/router/middleware/basic_auth.go:110.88,111.36 1 1
github.com/rivaas-dev/rivaas/router/middleware/basic_auth.go:111.36,113.3 1 1
github.com/rivaas-dev/rivaas/router/middleware/basic_auth.go:122.61,123.36 1 1
github.com/rivaas-dev/rivaas/router/middleware/basic_auth.go:123.36,124.30 1 1
github.com/rivaas-dev/rivaas/router/middleware/basic_auth.go:124.30,126.4 1 1
github.com/rivaas-dev/rivaas/router/middleware/basic_auth.go:184.60,187.27 2 1
github.com/rivaas-dev/rivaas/router/middleware/basic_auth.go:187.27,189.3 1 1
github.com/rivaas-dev/rivaas/router/middleware/basic_auth.go:192.2,194.33 2 1
github.com/rivaas-dev/rivaas/router/middleware/basic_auth.go:194.33,196.40 1 1
github.com/rivaas-dev/rivaas/router/middleware/basic_auth.go:196.40,199.4 2 1
github.com/rivaas-dev/rivaas/router/middleware/basic_auth.go:202.3,203.17 2 1
github.com/rivaas-dev/rivaas/router/middleware/basic_auth.go:203.17,207.4 3 1
github.com/rivaas-dev/rivaas/router/middleware/basic_auth.go:210.3,211.39 2 1
github.com/rivaas-dev/rivaas/router/middleware/basic_auth.go:211.39,215.4 3 1
github.com/rivaas-dev/rivaas/router/middleware/basic_auth.go:218.3,219.17 2 1
github.com/rivaas-dev/rivaas/router/middleware/basic_auth.go:219.17,223.4 3 1
github.com/rivaas-dev/rivaas/router/middleware/basic_auth.go:226.3,228.23 3 1
github.com/rivaas-dev/rivaas/router/middleware/basic_auth.go:228.23,232.4 3 1
github.com/rivaas-dev/rivaas/router/middleware/basic_auth.go:234.3,239.27 4 1
github.com/rivaas-dev/rivaas/router/middleware/basic_auth.go:239.27,242.4 1 1
github.com/rivaas-dev/rivaas/router/middleware/basic_auth.go:242.9,245.14 2 1
github.com/rivaas-dev/rivaas/router/middleware/basic_auth.go:245.14,251.5 1 1
github.com/rivaas-dev/rivaas/router/middleware/basic_auth.go:254.3,254.21 1 1
github.com/rivaas-dev/rivaas/router/middleware/basic_auth.go:254.21,258.4 3 1
github.com/rivaas-dev/rivaas/router/middleware/basic_auth.go:261.3,263.11 3 1
github.com/rivaas-dev/rivaas/router/middleware/basic_auth.go:276.48,277.77 1 1
github.com/rivaas-dev/rivaas/router/middleware/basic_auth.go:277.77,279.3 1 1
github.com/rivaas-dev/rivaas/router/middleware/basic_auth.go:280.2,280.11 1 0
github.com/rivaas-dev/rivaas/router/middleware/compression.go:35.52,43.2 1 1
github.com/rivaas-dev/rivaas/router/middleware/compression.go:52.56,53.38 1 1
github.com/rivaas-dev/rivaas/router/middleware/compression.go:53.38,55.3 1 1
github.com/rivaas-dev/rivaas/router/middleware/compression.go:67.46,68.38 1 0
github.com/rivaas-dev/rivaas/router/middleware/compression.go:68.38,71.3 1 0
github.com/rivaas-dev/rivaas/router/middleware/compression.go:80.57,81.38 1 1
github.com/rivaas-dev/rivaas/router/middleware/compression.go:81.38,82.30 1 1
github.com/rivaas-dev/rivaas/router/middleware/compression.go:82.30,84.4 1 1
github.com/rivaas-dev/rivaas/router/middleware/compression.go:95.67,96.38 1 1
github.com/rivaas-dev/rivaas/router/middleware/compression.go:96.38,97.34 1 1
github.com/rivaas-dev/rivaas/router/middleware/compression.go:97.34,99.4 1 1
github.com/rivaas-dev/rivaas/router/middleware/compression.go:109.71,110.38 1 1
github.com/rivaas-dev/rivaas/router/middleware/compression.go:110.38,111.35 1 1
github.com/rivaas-dev/rivaas/router/middleware/compression.go:111.35,113.4 1 1
github.com/rivaas-dev/rivaas/router/middleware/compression.go:128.55,130.23 1 1
github.com/rivaas-dev/rivaas/router/middleware/compression.go:130.23,133.3 2 0
github.com/rivaas-dev/rivaas/router/middleware/compression.go:135.2,135.24 1 1
github.com/rivaas-dev/rivaas/router/middleware/compression.go:135.24,137.3 1 1
github.com/rivaas-dev/rivaas/router/middleware/compression.go:139.2,139.30 1 1
github.com/rivaas-dev/rivaas/router/middleware/compression.go:143.45,147.23 3 1
github.com/rivaas-dev/rivaas/router/middleware/compression.go:147.23,150.3 2 1
github.com/rivaas-dev/rivaas/router/middleware/compression.go:152.2,152.37 1 1
github.com/rivaas-dev/rivaas/router/middleware/compression.go:156.45,157.22 1 1
github.com/rivaas-dev/rivaas/router/middleware/compression.go:157.22,159.3 1 0
github.com/rivaas-dev/rivaas/router/middleware/compression.go:162.2,163.23 2 1
github.com/rivaas-dev/rivaas/router/middleware/compression.go:163.23,164.52 1 1
github.com/rivaas-dev/rivaas/router/middleware/compression.go:164.52,165.51 1 1
github.com/rivaas-dev/rivaas/router/middleware/compression.go:165.51,168.5 2 1
github.com/rivaas-dev/rivaas/router/middleware/compression.go:172.2,172.26 1 1
github.com/rivaas-dev/rivaas/router/middleware/compression.go:176.37,177.24 1 1
github.com/rivaas-dev/rivaas/router/middleware/compression.go:177.24,179.3 1 1
github.com/rivaas-dev/rivaas/router/middleware/compression.go:181.2,183.12 3 1
github.com/rivaas-dev/rivaas/router/middleware/compression.go:191.46,196.12 4 1
github.com/rivaas-dev/rivaas/router/middleware/compression.go:196.12,198.3 1 1
github.com/rivaas-dev/rivaas/router/middleware/compression.go:200.2,204.52 3 1
github.com/rivaas-dev/rivaas/router/middleware/compression.go:204.52,206.3 1 0
github.com/rivaas-dev/rivaas/router/middleware/compression.go:208.2,209.19 1 1
github.com/rivaas-dev/rivaas/router/middleware/compression.go:209.19,212.4 2 1
github.com/rivaas-dev/rivaas/router/middleware/compression.go:214.2,215.13 2 1
github.com/rivaas-dev/rivaas/router/middleware/compression.go:261.64,264.27 2 1
github.com/rivaas-dev/rivaas/router/middleware/compression.go:264.27,266.3 1 1
github.com/rivaas-dev/rivaas/router/middleware/compression.go:269.2,271.33 2 1
github.com/rivaas-dev/rivaas/router/middleware/compression.go:271.33,273.43 1 1
github.com/rivaas-dev/rivaas/router/middleware/compression.go:273.43,276.4 2 1
github.com/rivaas-dev/rivaas/router/middleware/compression.go:279.3,280.42 2 1
github.com/rivaas-dev/rivaas/router/middleware/compression.go:280.42,281.36 1 1
github.com/rivaas-dev/rivaas/router/middleware/compression.go:281.36,284.5 2 1
github.com/rivaas-dev/rivaas/router/middleware/compression.go:288.3,288.73 1 1
github.com/rivaas-dev/rivaas/router/middleware/compression.go:288.73,291.4 2 1
github.com/rivaas-dev/rivaas/router/middleware/compression.go:294.3,295.16 2 1
github.com/rivaas-dev/rivaas/router/middleware/compression.go:295.16,298.4 2 1
github.com/rivaas-dev/rivaas/router/middleware/compression.go:301.3,320.14 5 1
github.com/rivaas-dev/rivaas/router/middleware/cors.go:43.38,54.2 1 1
github.com/rivaas-dev/rivaas/router/middleware/cors.go:62.54,63.31 1 1
github.com/rivaas-dev/rivaas/router/middleware/cors.go:63.31,66.3 2 1
github.com/rivaas-dev/rivaas/router/middleware/cors.go:75.49,76.31 1 1
github.com/rivaas-dev/rivaas/router/middleware/cors.go:76.31,78.3 1 1
github.com/rivaas-dev/rivaas/router/middleware/cors.go:87.54,88.31 1 1
github.com/rivaas-dev/rivaas/router/middleware/cors.go:88.31,90.3 1 1
github.com/rivaas-dev/rivaas/router/middleware/cors.go:99.54,100.31 1 1
github.com/rivaas-dev/rivaas/router/middleware/cors.go:100.31,102.3 1 1
github.com/rivaas-dev/rivaas/router/middleware/cors.go:111.54,112.31 1 1
github.com/rivaas-dev/rivaas/router/middleware/cors.go:112.31,114.3 1 1
github.com/rivaas-dev/rivaas/router/middleware/cors.go:124.50,125.31 1 1
github.com/rivaas-dev/rivaas/router/middleware/cors.go:125.31,127.3 1 1
github.com/rivaas-dev/rivaas/router/middleware/cors.go:136.41,137.31 1 1
github.com/rivaas-dev/rivaas/router/middleware/cors.go:137.31,139.3 1 1
github.com/rivaas-dev/rivaas/router/middleware/cors.go:150.66,151.31 1 1
github.com/rivaas-dev/rivaas/router/middleware/cors.go:151.31,153.3 1 1
github.com/rivaas-dev/rivaas/router/middleware/cors.go:195.50,198.27 2 1
github.com/rivaas-dev/rivaas/router/middleware/cors.go:198.27,200.3 1 1
github.com/rivaas-dev/rivaas/router/middleware/cors.go:203.2,206.33 4 1
github.com/rivaas-dev/rivaas/router/middleware/cors.go:206.33,208.3 1 1
github.com/rivaas-dev/rivaas/router/middleware/cors.go:209.2,211.33 2 1
github.com/rivaas-dev/rivaas/router/middleware/cors.go:211.33,215.19 2 1
github.com/rivaas-dev/rivaas/router/middleware/cors.go:215.19,218.4 2 1
github.com/rivaas-dev/rivaas/router/middleware/cors.go:221.3,222.26 2 1
github.com/rivaas-dev/rivaas/router/middleware/cors.go:222.26,224.4 1 1
github.com/rivaas-dev/rivaas/router/middleware/cors.go:224.9,224.40 1 1
github.com/rivaas-dev/rivaas/router/middleware/cors.go:224.40,225.35 1 1
github.com/rivaas-dev/rivaas/router/middleware/cors.go:225.35,227.5 1 1
github.com/rivaas-dev/rivaas/router/middleware/cors.go:228.9,230.47 1 1
github.com/rivaas-dev/rivaas/router/middleware/cors.go:230.47,231.26 1 1
github.com/rivaas-dev/rivaas/router/middleware/cors.go:231.26,233.11 2 1
github.com/rivaas-dev/rivaas/router/middleware/cors.go:239.3,239.26 1 1
github.com/rivaas-dev/rivaas/router/middleware/cors.go:239.26,242.4 2 1
github.com/rivaas-dev/rivaas/router/middleware/cors.go:245.3,247.27 2 1
github.com/rivaas-dev/rivaas/router/middleware/cors.go:247.27,249.28 1 1
github.com/rivaas-dev/rivaas/router/middleware/cors.go:249.28,251.5 1 1
github.com/rivaas-dev/rivaas/router/middleware/cors.go:252.4,252.71 1 1
github.com/rivaas-dev/rivaas/router/middleware/cors.go:255.3,255.33 1 1
github.com/rivaas-dev/rivaas/router/middleware/cors.go:255.33,257.4 1 1
github.com/rivaas-dev/rivaas/router/middleware/cors.go:260.3,260.45 1 1
github.com/rivaas-dev/rivaas/router/middleware/cors.go:260.45,268.4 5 1
github.com/rivaas-dev/rivaas/router/middleware/cors.go:271.3,271.11 1 1
github.com/rivaas-dev/rivaas/router/middleware/logger.go:48.42,56.2 1 1
github.com/rivaas-dev/rivaas/router/middleware/logger.go:59.60,60.28 1 1
github.com/rivaas-dev/rivaas/router/middleware/logger.go:60.28,71.3 1 1
github.com/rivaas-dev/rivaas/router/middleware/logger.go:72.2,80.3 1 1
github.com/rivaas-dev/rivaas/router/middleware/logger.go:84.60,87.9 2 1
github.com/rivaas-dev/rivaas/router/middleware/logger.go:88.59,89.27 1 1
github.com/rivaas-dev/rivaas/router/middleware/logger.go:90.59,91.27 1 0
github.com/rivaas-dev/rivaas/router/middleware/logger.go:92.59,93.27 1 0
github.com/rivaas-dev/rivaas/router/middleware/logger.go:94.10,95.27 1 0
github.com/rivaas-dev/rivaas/router/middleware/logger.go:97.2,99.28 2 1
github.com/rivaas-dev/rivaas/router/middleware/logger.go:99.28,112.3 1 0
github.com/rivaas-dev/rivaas/router/middleware/logger.go:114.2,124.3 1 1
github.com/rivaas-dev/rivaas/router/middleware/logger.go:134.54,135.33 1 1
github.com/rivaas-dev/rivaas/router/middleware/logger.go:135.33,137.3 1 1
github.com/rivaas-dev/rivaas/router/middleware/logger.go:146.49,147.33 1 1
github.com/rivaas-dev/rivaas/router/middleware/logger.go:147.33,149.3 1 1
github.com/rivaas-dev/rivaas/router/middleware/logger.go:158.49,159.33 1 1
github.com/rivaas-dev/rivaas/router/middleware/logger.go:159.33,160.30 1 1
github.com/rivaas-dev/rivaas/router/middleware/logger.go:160.30,162.4 1 1
github.com/rivaas-dev/rivaas/router/middleware/logger.go:173.79,174.33 1 1
github.com/rivaas-dev/rivaas/router/middleware/logger.go:174.33,176.3 1 1
github.com/rivaas-dev/rivaas/router/middleware/logger.go:186.44,187.33 1 1
github.com/rivaas-dev/rivaas/router/middleware/logger.go:187.33,189.14 2 1
github.com/rivaas-dev/rivaas/router/middleware/logger.go:189.14,191.4 1 1
github.com/rivaas-dev/rivaas/router/middleware/logger.go:235.54,238.27 2 1
github.com/rivaas-dev/rivaas/router/middleware/logger.go:238.27,240.3 1 1
github.com/rivaas-dev/rivaas/router/middleware/logger.go:243.2,245.33 2 1
github.com/rivaas-dev/rivaas/router/middleware/logger.go:245.33,248.26 2 1
github.com/rivaas-dev/rivaas/router/middleware/logger.go:248.26,251.4 2 1
github.com/rivaas-dev/rivaas/router/middleware/logger.go:254.3,269.63 8 1
github.com/rivaas-dev/rivaas/router/middleware/logger.go:269.63,271.4 1 0
github.com/rivaas-dev/rivaas/router/middleware/logger.go:274.3,275.57 2 1
github.com/rivaas-dev/rivaas/router/middleware/logger.go:275.57,277.4 1 0
github.com/rivaas-dev/rivaas/router/middleware/logger.go:280.3,281.16 2 1
github.com/rivaas-dev/rivaas/router/middleware/logger.go:281.16,283.4 1 1
github.com/rivaas-dev/rivaas/router/middleware/logger.go:286.3,287.69 2 1
github.com/rivaas-dev/rivaas/router/middleware/logger.go:287.69,289.4 1 1
github.com/rivaas-dev/rivaas/router/middleware/logger.go:292.3,304.26 3 1
github.com/rivaas-dev/rivaas/router/middleware/recovery.go:33.46,41.2 1 1
github.com/rivaas-dev/rivaas/router/middleware/recovery.go:44.70,46.2 1 1
github.com/rivaas-dev/rivaas/router/middleware/recovery.go:49.57,54.2 1 1
github.com/rivaas-dev/rivaas/router/middleware/recovery.go:62.50,63.35 1 1
github.com/rivaas-dev/rivaas/router/middleware/recovery.go:63.35,65.3 1 1
github.com/rivaas-dev/rivaas/router/middleware/recovery.go:74.45,75.35 1 1
github.com/rivaas-dev/rivaas/router/middleware/recovery.go:75.35,77.3 1 1
github.com/rivaas-dev/rivaas/router/middleware/recovery.go:88.95,89.35 1 1
github.com/rivaas-dev/rivaas/router/middleware/recovery.go:89.35,91.3 1 1
github.com/rivaas-dev/rivaas/router/middleware/recovery.go:102.83,103.35 1 1
github.com/rivaas-dev/rivaas/router/middleware/recovery.go:103.35,105.3 1 1
github.com/rivaas-dev/rivaas/router/middleware/recovery.go:115.56,116.35 1 0
github.com/rivaas-dev/rivaas/router/middleware/recovery.go:116.35,118.3 1 0
github.com/rivaas-dev/rivaas/router/middleware/recovery.go:153.58,156.27 2 1
github.com/rivaas-dev/rivaas/router/middleware/recovery.go:156.27,158.3 1 1
github.com/rivaas-dev/rivaas/router/middleware/recovery.go:160.2,160.33 1 1
github.com/rivaas-dev/rivaas/router/middleware/recovery.go:160.33,161.16 1 1
github.com/rivaas-dev/rivaas/router/middleware/recovery.go:161.16,162.36 1 1
github.com/rivaas-dev/rivaas/router/middleware/recovery.go:162.36,165.23 2 1
github.com/rivaas-dev/rivaas/router/middleware/recovery.go:165.23,169.29 2 1
github.com/rivaas-dev/rivaas/router/middleware/recovery.go:169.29,171.41 1 1
github.com/rivaas-dev/rivaas/router/middleware/recovery.go:171.41,173.8 1 1
github.com/rivaas-dev/rivaas/router/middleware/recovery.go:173.13,175.8 1 1
github.com/rivaas-dev/rivaas/router/middleware/recovery.go:176.12,179.7 1 0
github.com/rivaas-dev/rivaas/router/middleware/recovery.go:183.5,183.26 1 1
github.com/rivaas-dev/rivaas/router/middleware/recovery.go:183.26,185.6 1 1
github.com/rivaas-dev/rivaas/router/middleware/recovery.go:188.5,188.27 1 1
github.com/rivaas-dev/rivaas/router/middleware/recovery.go:188.27,190.6 1 1
github.com/rivaas-dev/rivaas/router/middleware/recovery.go:194.3,194.11 1 1
github.com/rivaas-dev/rivaas/router/middleware/request_id.go:32.48,38.2 1 1
github.com/rivaas-dev/rivaas/router/middleware/request_id.go:41.32,43.44 2 1
github.com/rivaas-dev/rivaas/router/middleware/request_id.go:43.44,46.3 1 0
github.com/rivaas-dev/rivaas/router/middleware/request_id.go:47.2,47.34 1 1
github.com/rivaas-dev/rivaas/router/middleware/request_id.go:52.31,54.2 1 0
github.com/rivaas-dev/rivaas/router/middleware/request_id.go:62.61,63.36 1 1
github.com/rivaas-dev/rivaas/router/middleware/request_id.go:63.36,65.3 1 1
github.com/rivaas-dev/rivaas/router/middleware/request_id.go:84.70,85.36 1 1
github.com/rivaas-dev/rivaas/router/middleware/request_id.go:85.36,87.3 1 1
github.com/rivaas-dev/rivaas/router/middleware/request_id.go:100.52,101.36 1 1
github.com/rivaas-dev/rivaas/router/middleware/request_id.go:101.36,103.3 1 1
github.com/rivaas-dev/rivaas/router/middleware/request_id.go:150.60,153.27 2 1
github.com/rivaas-dev/rivaas/router/middleware/request_id.go:153.27,155.3 1 1
github.com/rivaas-dev/rivaas/router/middleware/request_id.go:157.2,157.33 1 1
github.com/rivaas-dev/rivaas/router/middleware/request_id.go:157.33,161.24 2 1
github.com/rivaas-dev/rivaas/router/middleware/request_id.go:161.24,163.4 1 1
github.com/rivaas-dev/rivaas/router/middleware/request_id.go:166.3,166.22 1 1
github.com/rivaas-dev/rivaas/router/middleware/request_id.go:166.22,168.4 1 1
github.com/rivaas-dev/rivaas/router/middleware/request_id.go:171.3,178.11 4 1
github.com/rivaas-dev/rivaas/router/middleware/request_id.go:191.45,192.75 1 0
github.com/rivaas-dev/rivaas/router/middleware/request_id.go:192.75,194.3 1 0
github.com/rivaas-dev/rivaas/router/middleware/request_id.go:195.2,195.11 1 0
github.com/rivaas-dev/rivaas/router/middleware/security.go:42.46,55.2 1 1
github.com/rivaas-dev/rivaas/router/middleware/security.go:64.52,65.35 1 1
github.com/rivaas-dev/rivaas/router/middleware/security.go:65.35,67.3 1 1
github.com/rivaas-dev/rivaas/router/middleware/security.go:77.58,78.35 1 1
github.com/rivaas-dev/rivaas/router/middleware/security.go:78.35,80.3 1 1
github.com/rivaas-dev/rivaas/router/middleware/security.go:92.53,93.35 1 1
github.com/rivaas-dev/rivaas/router/middleware/security.go:93.35,95.3 1 1
github.com/rivaas-dev/rivaas/router/middleware/security.go:104.75,105.35 1 1
github.com/rivaas-dev/rivaas/router/middleware/security.go:105.35,109.3 3 1
github.com/rivaas-dev/rivaas/router/middleware/security.go:121.62,122.35 1 1
github.com/rivaas-dev/rivaas/router/middleware/security.go:122.35,124.3 1 1
github.com/rivaas-dev/rivaas/router/middleware/security.go:140.55,141.35 1 1
github.com/rivaas-dev/rivaas/router/middleware/security.go:141.35,143.3 1 1
github.com/rivaas-dev/rivaas/router/middleware/security.go:154.58,155.35 1 1
github.com/rivaas-dev/rivaas/router/middleware/security.go:155.35,157.3 1 1
github.com/rivaas-dev/rivaas/router/middleware/security.go:165.58,166.35 1 1
github.com/rivaas-dev/rivaas/router/middleware/security.go:166.35,168.3 1 1
github.com/rivaas-dev/rivaas/router/middleware/security.go:209.58,212.27 2 1
github.com/rivaas-dev/rivaas/router/middleware/security.go:212.27,214.3 1 1
github.com/rivaas-dev/rivaas/router/middleware/security.go:217.2,218.24 2 1
github.com/rivaas-dev/rivaas/router/middleware/security.go:218.24,220.32 2 1
github.com/rivaas-dev/rivaas/router/middleware/security.go:220.32,222.4 1 1
github.com/rivaas-dev/rivaas/router/middleware/security.go:223.3,223.22 1 1
github.com/rivaas-dev/rivaas/router/middleware/security.go:223.22,225.4 1 1
github.com/rivaas-dev/rivaas/router/middleware/security.go:228.2,228.33 1 1
github.com/rivaas-dev/rivaas/router/middleware/security.go:228.33,230.29 1 1
github.com/rivaas-dev/rivaas/router/middleware/security.go:230.29,232.4 1 1
github.com/rivaas-dev/rivaas/router/middleware/security.go:235.3,235.29 1 1
github.com/rivaas-dev/rivaas/router/middleware/security.go:235.29,237.4 1 1
github.com/rivaas-dev/rivaas/router/middleware/security.go:240.3,240.30 1 1
github.com/rivaas-dev/rivaas/router/middleware/security.go:240.30,242.4 1 1
github.com/rivaas-dev/rivaas/router/middleware/security.go:245.3,245.47 1 1
github.com/rivaas-dev/rivaas/router/middleware/security.go:245.47,247.4 1 1
github.com/rivaas-dev/rivaas/router/middleware/security.go:250.3,250.38 1 1
github.com/rivaas-dev/rivaas/router/middleware/security.go:250.38,252.4 1 1
github.com/rivaas-dev/rivaas/router/middleware/security.go:255.3,255.31 1 1
github.com/rivaas-dev/rivaas/router/middleware/security.go:255.31,257.4 1 1
github.com/rivaas-dev/rivaas/router/middleware/security.go:260.3,260.34 1 1
github.com/rivaas-dev/rivaas/router/middleware/security.go:260.34,262.4 1 1
github.com/rivaas-dev/rivaas/router/middleware/security.go:265.3,265.46 1 1
github.com/rivaas-dev/rivaas/router/middleware/security.go:265.46,267.4 1 1
github.com/rivaas-dev/rivaas/router/middleware/security.go:269.3,269.11 1 1
github.com/rivaas-dev/rivaas/router/middleware/security.go:279.41,281.2 1 1
github.com/rivaas-dev/rivaas/router/middleware/security.go:295.47,301.2 1 1
github.com/rivaas-dev/rivaas/router/middleware/security.go:312.45,313.33 1 1
github.com/rivaas-dev/rivaas/router/middleware/security.go:313.33,323.3 8 1
github.com/rivaas-dev/rivaas/router/middleware/timeout.go:27.65,33.2 1 1
github.com/rivaas-dev/rivaas/router/middleware/timeout.go:36.47,42.2 2 1
github.com/rivaas-dev/rivaas/router/middleware/timeout.go:57.72,58.34 1 1
github.com/rivaas-dev/rivaas/router/middleware/timeout.go:58.34,60.3 1 1
github.com/rivaas-dev/rivaas/router/middleware/timeout.go:71.57,72.34 1 1
github.com/rivaas-dev/rivaas/router/middleware/timeout.go:72.34,73.30 1 1
github.com/rivaas-dev/rivaas/router/middleware/timeout.go:73.30,75.4 1 1
github.com/rivaas-dev/rivaas/router/middleware/timeout.go:138.79,141.27 2 1
github.com/rivaas-dev/rivaas/router/middleware/timeout.go:141.27,143.3 1 1
github.com/rivaas-dev/rivaas/router/middleware/timeout.go:145.2,145.33 1 1
github.com/rivaas-dev/rivaas/router/middleware/timeout.go:145.33,147.40 1 1
github.com/rivaas-dev/rivaas/router/middleware/timeout.go:147.40,150.4 2 1
github.com/rivaas-dev/rivaas/router/middleware/timeout.go:153.3,163.13 5 1
github.com/rivaas-dev/rivaas/router/middleware/timeout.go:163.13,166.4 2 1
github.com/rivaas-dev/rivaas/router/middleware/timeout.go:169.3,169.10 1 1
github.com/rivaas-dev/rivaas/router/middleware/timeout.go:170.15,170.15 0 1
github.com/rivaas-dev/rivaas/router/middleware/timeout.go:172.21,174.45 1 1
github.com/rivaas-dev/rivaas/router/middleware/timeout.go:174.45,176.5 1 1
github.com/rivaas-dev/rivaas/router/examples/01-hello-world/main.go:10.13,15.37 2 0
github.com/rivaas-dev/rivaas/router/examples/01-hello-world/main.go:15.37,19.3 1 0
github.com/rivaas-dev/rivaas/router/examples/01-hello-world/main.go:22.2,24.44 3 0
github.com/rivaas-dev/rivaas/router/examples/05-advanced/main.go:10.13,16.46 2 0
github.com/rivaas-dev/rivaas/router/examples/05-advanced/main.go:16.46,21.3 1 0
github.com/rivaas-dev/rivaas/router/examples/05-advanced/main.go:24.2,24.51 1 0
github.com/rivaas-dev/rivaas/router/examples/05-advanced/main.go:24.51,29.3 1 0
github.com/rivaas-dev/rivaas/router/examples/05-advanced/main.go:32.2,32.53 1 0
github.com/rivaas-dev/rivaas/router/examples/05-advanced/main.go:32.53,37.3 1 0
github.com/rivaas-dev/rivaas/router/examples/05-advanced/main.go:40.2,40.48 1 0
github.com/rivaas-dev/rivaas/router/examples/05-advanced/main.go:40.48,45.3 1 0
github.com/rivaas-dev/rivaas/router/examples/05-advanced/main.go:48.2,48.52 1 0
github.com/rivaas-dev/rivaas/router/examples/05-advanced/main.go:48.52,53.3 1 0
github.com/rivaas-dev/rivaas/router/examples/05-advanced/main.go:56.2,56.52 1 0
github.com/rivaas-dev/rivaas/router/examples/05-advanced/main.go:56.52,62.3 1 0
github.com/rivaas-dev/rivaas/router/examples/05-advanced/main.go:66.2,66.44 1 0
github.com/rivaas-dev/rivaas/router/examples/05-advanced/main.go:66.44,74.3 1 0
github.com/rivaas-dev/rivaas/router/examples/05-advanced/main.go:77.2,77.47 1 0
github.com/rivaas-dev/rivaas/router/examples/05-advanced/main.go:77.47,82.3 2 0
github.com/rivaas-dev/rivaas/router/examples/05-advanced/main.go:84.2,84.47 1 0
github.com/rivaas-dev/rivaas/router/examples/05-advanced/main.go:84.47,86.17 2 0
github.com/rivaas-dev/rivaas/router/examples/05-advanced/main.go:86.17,91.4 2 0
github.com/rivaas-dev/rivaas/router/examples/05-advanced/main.go:92.3,94.5 1 0
github.com/rivaas-dev/rivaas/router/examples/05-advanced/main.go:98.2,98.45 1 0
github.com/rivaas-dev/rivaas/router/examples/05-advanced/main.go:98.45,100.3 1 0
github.com/rivaas-dev/rivaas/router/examples/05-advanced/main.go:103.2,103.44 1 0
github.com/rivaas-dev/rivaas/router/examples/05-advanced/main.go:103.44,116.3 5 0
github.com/rivaas-dev/rivaas/router/examples/05-advanced/main.go:121.2,129.43 3 0
github.com/rivaas-dev/rivaas/router/examples/05-advanced/main.go:129.43,135.3 2 0
github.com/rivaas-dev/rivaas/router/examples/05-advanced/main.go:138.2,139.2 2 0
github.com/rivaas-dev/rivaas/router/examples/05-advanced/main.go:139.2,141.49 1 0
github.com/rivaas-dev/rivaas/router/examples/05-advanced/main.go:141.49,146.4 1 0
github.com/rivaas-dev/rivaas/router/examples/05-advanced/main.go:149.3,149.55 1 0
github.com/rivaas-dev/rivaas/router/examples/05-advanced/main.go:149.55,153.4 1 0
github.com/rivaas-dev/rivaas/router/examples/05-advanced/main.go:156.3,156.60 1 0
github.com/rivaas-dev/rivaas/router/examples/05-advanced/main.go:156.60,160.4 1 0
github.com/rivaas-dev/rivaas/router/examples/05-advanced/main.go:164.2,183.44 18 0
github.com/rivaas-dev/rivaas/router/middleware/examples/compression/main.go:14.13,40.56 16 0
github.com/rivaas-dev/rivaas/router/middleware/examples/compression/main.go:40.56,42.3 1 0
github.com/rivaas-dev/rivaas/router/middleware/examples/compression/main.go:46.37,52.40 3 0
github.com/rivaas-dev/rivaas/router/middleware/examples/compression/main.go:52.40,58.3 1 0
github.com/rivaas-dev/rivaas/router/middleware/examples/compression/main.go:62.43,68.39 3 0
github.com/rivaas-dev/rivaas/router/middleware/examples/compression/main.go:68.39,73.3 1 0
github.com/rivaas-dev/rivaas/router/middleware/examples/compression/main.go:76.2,80.39 3 0
github.com/rivaas-dev/rivaas/router/middleware/examples/compression/main.go:80.39,85.3 1 0
github.com/rivaas-dev/rivaas/router/middleware/examples/compression/main.go:88.2,88.42 1 0
github.com/rivaas-dev/rivaas/router/middleware/examples/compression/main.go:88.42,91.23 2 0
github.com/rivaas-dev/rivaas/router/middleware/examples/compression/main.go:91.23,97.4 1 0
github.com/rivaas-dev/rivaas/router/middleware/examples/compression/main.go:98.3,98.30 1 0
github.com/rivaas-dev/rivaas/router/middleware/examples/compression/main.go:103.39,118.46 2 0
github.com/rivaas-dev/rivaas/router/middleware/examples/compression/main.go:118.46,121.3 2 0
github.com/rivaas-dev/rivaas/router/middleware/examples/compression/main.go:123.2,123.44 1 0
github.com/rivaas-dev/rivaas/router/middleware/examples/compression/main.go:123.44,125.3 1 0
github.com/rivaas-dev/rivaas/router/middleware/examples/compression/main.go:129.42,167.44 3 0
github.com/rivaas-dev/rivaas/router/middleware/examples/compression/main.go:167.44,170.24 2 0
github.com/rivaas-dev/rivaas/router/middleware/examples/compression/main.go:170.24,176.4 1 0
github.com/rivaas-dev/rivaas/router/middleware/examples/compression/main.go:177.3,177.31 1 0
github.com/rivaas-dev/rivaas/router/middleware/examples/compression/main.go:182.32,186.42 3 0
github.com/rivaas-dev/rivaas/router/middleware/examples/compression/main.go:186.42,194.3 2 0
github.com/rivaas-dev/rivaas/router/middleware/examples/compression/main.go:196.2,196.134 1 0
github.com/rivaas-dev/rivaas/router/middleware/examples/basic_auth/main.go:12.13,16.37 2 0
github.com/rivaas-dev/rivaas/router/middleware/examples/basic_auth/main.go:16.37,20.3 1 0
github.com/rivaas-dev/rivaas/router/middleware/examples/basic_auth/main.go:22.2,22.43 1 0
github.com/rivaas-dev/rivaas/router/middleware/examples/basic_auth/main.go:22.43,26.3 1 0
github.com/rivaas-dev/rivaas/router/middleware/examples/basic_auth/main.go:29.2,37.50 2 0
github.com/rivaas-dev/rivaas/router/middleware/examples/basic_auth/main.go:37.50,43.3 2 0
github.com/rivaas-dev/rivaas/router/middleware/examples/basic_auth/main.go:45.2,45.49 1 0
github.com/rivaas-dev/rivaas/router/middleware/examples/basic_auth/main.go:45.49,54.3 2 0
github.com/rivaas-dev/rivaas/router/middleware/examples/basic_auth/main.go:57.2,67.45 2 0
github.com/rivaas-dev/rivaas/router/middleware/examples/basic_auth/main.go:67.45,71.3 1 0
github.com/rivaas-dev/rivaas/router/middleware/examples/basic_auth/main.go:73.2,73.43 1 0
github.com/rivaas-dev/rivaas/router/middleware/examples/basic_auth/main.go:73.43,79.3 2 0
github.com/rivaas-dev/rivaas/router/middleware/examples/basic_auth/main.go:81.2,98.44 17 0
github.com/rivaas-dev/rivaas/router/middleware/examples/cors/main.go:12.13,24.2 1 0
github.com/rivaas-dev/rivaas/router/middleware/examples/cors/main.go:27.21,38.45 3 0
github.com/rivaas-dev/rivaas/router/middleware/examples/cors/main.go:38.45,43.3 1 0
github.com/rivaas-dev/rivaas/router/middleware/examples/cors/main.go:45.2,45.46 1 0
github.com/rivaas-dev/rivaas/router/middleware/examples/cors/main.go:45.46,50.3 1 0
github.com/rivaas-dev/rivaas/router/middleware/examples/cors/main.go:52.2,54.44 3 0
github.com/rivaas-dev/rivaas/router/middleware/examples/cors/main.go:58.25,66.47 3 0
github.com/rivaas-dev/rivaas/router/middleware/examples/cors/main.go:66.47,71.3 1 0
github.com/rivaas-dev/rivaas/router/middleware/examples/cors/main.go:73.2,75.44 3 0
github.com/rivaas-dev/rivaas/router/middleware/examples/cors/main.go:79.26,116.53 3 0
github.com/rivaas-dev/rivaas/router/middleware/examples/cors/main.go:116.53,126.3 3 0
github.com/rivaas-dev/rivaas/router/middleware/examples/cors/main.go:128.2,128.54 1 0
github.com/rivaas-dev/rivaas/router/middleware/examples/cors/main.go:128.54,132.3 1 0
github.com/rivaas-dev/rivaas/router/middleware/examples/cors/main.go:134.2,137.44 4 0
github.com/rivaas-dev/rivaas/router/middleware/examples/cors/main.go:141.29,146.59 2 0
github.com/rivaas-dev/rivaas/router/middleware/examples/cors/main.go:146.59,148.49 1 0
github.com/rivaas-dev/rivaas/router/middleware/examples/cors/main.go:148.49,150.5 1 0
github.com/rivaas-dev/rivaas/router/middleware/examples/cors/main.go:152.4,152.74 1 0
github.com/rivaas-dev/rivaas/router/middleware/examples/cors/main.go:152.74,154.5 1 0
github.com/rivaas-dev/rivaas/router/middleware/examples/cors/main.go:157.4,157.16 1 0
github.com/rivaas-dev/rivaas/router/middleware/examples/cors/main.go:162.2,162.48 1 0
github.com/rivaas-dev/rivaas/router/middleware/examples/cors/main.go:162.48,167.3 1 0
github.com/rivaas-dev/rivaas/router/middleware/examples/cors/main.go:169.2,173.44 5 0
github.com/rivaas-dev/rivaas/router/middleware/examples/cors/main.go:177.29,187.46 3 0
github.com/rivaas-dev/rivaas/router/middleware/examples/cors/main.go:187.46,191.3 1 0
github.com/rivaas-dev/rivaas/router/middleware/examples/cors/main.go:193.2,206.44 14 0
github.com/rivaas-dev/rivaas/router/middleware/examples/security/main.go:13.13,38.56 15 0
github.com/rivaas-dev/rivaas/router/middleware/examples/security/main.go:38.56,40.3 1 0
github.com/rivaas-dev/rivaas/router/middleware/examples/security/main.go:44.37,48.42 2 0
github.com/rivaas-dev/rivaas/router/middleware/examples/security/main.go:48.42,53.3 1 0
github.com/rivaas-dev/rivaas/router/middleware/examples/security/main.go:57.38,79.41 3 0
github.com/rivaas-dev/rivaas/router/middleware/examples/security/main.go:79.41,93.3 1 0
github.com/rivaas-dev/rivaas/router/middleware/examples/security/main.go:97.35,109.43 3 0
github.com/rivaas-dev/rivaas/router/middleware/examples/security/main.go:109.43,117.3 1 0
github.com/rivaas-dev/rivaas/router/middleware/examples/security/main.go:121.43,126.38 3 0
github.com/rivaas-dev/rivaas/router/middleware/examples/security/main.go:126.38,132.3 1 0
github.com/rivaas-dev/rivaas/router/middleware/examples/security/main.go:135.2,146.39 3 0
github.com/rivaas-dev/rivaas/router/middleware/examples/security/main.go:146.39,151.3 1 0
github.com/rivaas-dev/rivaas/router/middleware/examples/security/main.go:155.41,201.37 3 0
github.com/rivaas-dev/rivaas/router/middleware/examples/security/main.go:201.37,205.3 1 0
github.com/rivaas-dev/rivaas/router/middleware/examples/security/main.go:207.2,207.10 1 0
github.com/rivaas-dev/rivaas/router/middleware/examples/security/main.go:215.34,219.2 1 0
github.com/rivaas-dev/rivaas/router/middleware/examples/security/main.go:221.64,224.2 2 0
github.com/rivaas-dev/rivaas/router/middleware/examples/security/main.go:226.63,229.2 2 0
github.com/rivaas-dev/rivaas/router/middleware/examples/security/main.go:231.62,234.2 2 0
github.com/rivaas-dev/rivaas/router/middleware/examples/security/main.go:236.60,239.2 2 0
github.com/rivaas-dev/rivaas/router/middleware/examples/security/main.go:241.37,243.47 2 0
github.com/rivaas-dev/rivaas/router/middleware/examples/security/main.go:243.47,245.3 1 0
github.com/rivaas-dev/rivaas/router/middleware/examples/security/main.go:246.2,246.34 1 0
github.com/rivaas-dev/rivaas/router/middleware/examples/security/main.go:249.26,264.37 4 0
github.com/rivaas-dev/rivaas/router/middleware/examples/security/main.go:264.37,266.3 1 0
github.com/rivaas-dev/rivaas/router/context.go:84.66,92.2 1 1
github.com/rivaas-dev/rivaas/router/context.go:109.26,111.31 2 1
github.com/rivaas-dev/rivaas/router/context.go:111.31,113.3 1 1
github.com/rivaas-dev/rivaas/router/context.go:126.44,128.30 1 1
github.com/rivaas-dev/rivaas/router/context.go:128.30,129.28 1 1
github.com/rivaas-dev/rivaas/router/context.go:129.28,131.4 1 1
github.com/rivaas-dev/rivaas/router/context.go:134.2,134.22 1 1
github.com/rivaas-dev/rivaas/router/context.go:152.49,158.58 3 1
github.com/rivaas-dev/rivaas/router/context.go:158.58,161.3 1 1
github.com/rivaas-dev/rivaas/router/context.go:164.2,167.48 2 1
github.com/rivaas-dev/rivaas/router/context.go:167.48,168.20 1 0
github.com/rivaas-dev/rivaas/router/context.go:168.20,170.4 1 0
github.com/rivaas-dev/rivaas/router/context.go:171.8,173.3 1 1
github.com/rivaas-dev/rivaas/router/context.go:176.2,177.17 2 1
github.com/rivaas-dev/rivaas/router/context.go:191.47,192.42 1 1
github.com/rivaas-dev/rivaas/router/context.go:192.42,201.3 4 1
github.com/rivaas-dev/rivaas/router/context.go:215.72,216.51 1 1
github.com/rivaas-dev/rivaas/router/context.go:216.51,218.3 1 1
github.com/rivaas-dev/rivaas/router/context.go:221.2,221.48 1 1
github.com/rivaas-dev/rivaas/router/context.go:221.48,222.20 1 0
github.com/rivaas-dev/rivaas/router/context.go:222.20,224.4 1 0
github.com/rivaas-dev/rivaas/router/context.go:225.8,227.3 1 1
github.com/rivaas-dev/rivaas/router/context.go:230.2,230.22 1 1
github.com/rivaas-dev/rivaas/router/context.go:230.22,232.17 2 1
github.com/rivaas-dev/rivaas/router/context.go:232.17,234.4 1 0
github.com/rivaas-dev/rivaas/router/context.go:235.3,235.13 1 1
github.com/rivaas-dev/rivaas/router/context.go:240.2,240.22 1 1
github.com/rivaas-dev/rivaas/router/context.go:240.22,241.74 1 1
github.com/rivaas-dev/rivaas/router/context.go:241.74,243.17 2 1
github.com/rivaas-dev/rivaas/router/context.go:243.17,247.19 3 1
github.com/rivaas-dev/rivaas/router/context.go:247.19,249.6 1 0
github.com/rivaas-dev/rivaas/router/context.go:250.5,250.15 1 1
github.com/rivaas-dev/rivaas/router/context.go:257.2,258.16 2 1
github.com/rivaas-dev/rivaas/router/context.go:258.16,260.3 1 0
github.com/rivaas-dev/rivaas/router/context.go:261.2,261.12 1 1
github.com/rivaas-dev/rivaas/router/context.go:271.53,275.16 4 1
github.com/rivaas-dev/rivaas/router/context.go:275.16,277.3 1 0
github.com/rivaas-dev/rivaas/router/context.go:278.2,278.12 1 1
github.com/rivaas-dev/rivaas/router/context.go:287.36,289.48 1 1
github.com/rivaas-dev/rivaas/router/context.go:289.48,290.20 1 0
github.com/rivaas-dev/rivaas/router/context.go:290.20,292.4 1 0
github.com/rivaas-dev/rivaas/router/context.go:293.8,295.3 1 1
github.com/rivaas-dev/rivaas/router/context.go:313.45,315.40 1 1
github.com/rivaas-dev/rivaas/router/context.go:315.40,317.48 1 1
github.com/rivaas-dev/rivaas/router/context.go:317.48,325.4 1 0
github.com/rivaas-dev/rivaas/router/context.go:328.3,329.46 2 1
github.com/rivaas-dev/rivaas/router/context.go:332.2,332.37 1 1
github.com/rivaas-dev/rivaas/router/context.go:343.44,345.2 1 1
github.com/rivaas-dev/rivaas/router/context.go:355.47,357.2 1 1
github.com/rivaas-dev/rivaas/router/context.go:361.33,364.2 2 1
github.com/rivaas-dev/rivaas/router/context.go:368.32,371.2 2 1
github.com/rivaas-dev/rivaas/router/context.go:375.38,378.2 2 1
github.com/rivaas-dev/rivaas/router/context.go:382.38,385.2 2 1
github.com/rivaas-dev/rivaas/router/context.go:390.40,392.63 1 1
github.com/rivaas-dev/rivaas/router/context.go:392.63,394.48 1 1
github.com/rivaas-dev/rivaas/router/context.go:394.48,396.4 1 1
github.com/rivaas-dev/rivaas/router/context.go:397.3,397.32 1 1
github.com/rivaas-dev/rivaas/router/context.go:401.2,401.57 1 1
github.com/rivaas-dev/rivaas/router/context.go:401.57,403.3 1 1
github.com/rivaas-dev/rivaas/router/context.go:406.2,407.16 2 1
github.com/rivaas-dev/rivaas/router/context.go:407.16,409.3 1 0
github.com/rivaas-dev/rivaas/router/context.go:410.2,410.11 1 1
github.com/rivaas-dev/rivaas/router/context.go:415.35,417.26 1 1
github.com/rivaas-dev/rivaas/router/context.go:417.26,419.3 1 0
github.com/rivaas-dev/rivaas/router/context.go:422.2,423.25 2 1
github.com/rivaas-dev/rivaas/router/context.go:433.55,436.2 2 1
github.com/rivaas-dev/rivaas/router/context.go:445.41,447.2 1 1
github.com/rivaas-dev/rivaas/router/context.go:451.31,453.2 1 1
github.com/rivaas-dev/rivaas/router/context.go:462.65,464.17 2 1
github.com/rivaas-dev/rivaas/router/context.go:464.17,466.3 1 1
github.com/rivaas-dev/rivaas/router/context.go:467.2,467.14 1 1
github.com/rivaas-dev/rivaas/router/context.go:472.68,474.17 2 1
github.com/rivaas-dev/rivaas/router/context.go:474.17,476.3 1 1
github.com/rivaas-dev/rivaas/router/context.go:477.2,477.14 1 0
github.com/rivaas-dev/rivaas/router/context.go:489.36,491.2 1 1
github.com/rivaas-dev/rivaas/router/context.go:503.50,505.2 1 1
github.com/rivaas-dev/rivaas/router/context.go:513.105,524.2 2 1
github.com/rivaas-dev/rivaas/router/context.go:528.58,530.16 2 1
github.com/rivaas-dev/rivaas/router/context.go:530.16,532.3 1 1
github.com/rivaas-dev/rivaas/router/context.go:533.2,534.16 2 1
github.com/rivaas-dev/rivaas/router/context.go:534.16,536.3 1 0
github.com/rivaas-dev/rivaas/router/context.go:537.2,537.19 1 1
github.com/rivaas-dev/rivaas/router/context.go:542.94,543.30 1 1
github.com/rivaas-dev/rivaas/router/context.go:543.30,545.3 1 0
github.com/rivaas-dev/rivaas/router/context.go:550.83,551.30 1 1
github.com/rivaas-dev/rivaas/router/context.go:551.30,553.3 1 0
github.com/rivaas-dev/rivaas/router/context.go:558.90,559.30 1 1
github.com/rivaas-dev/rivaas/router/context.go:559.30,561.3 1 0
github.com/rivaas-dev/rivaas/router/context.go:566.36,567.30 1 1
github.com/rivaas-dev/rivaas/router/context.go:567.30,569.3 1 0
github.com/rivaas-dev/rivaas/router/context.go:570.2,570.11 1 1
github.com/rivaas-dev/rivaas/router/context.go:575.35,576.30 1 1
github.com/rivaas-dev/rivaas/router/context.go:576.30,578.3 1 0
github.com/rivaas-dev/rivaas/router/context.go:579.2,579.11 1 1
github.com/rivaas-dev/rivaas/router/context.go:584.67,585.30 1 1
github.com/rivaas-dev/rivaas/router/context.go:585.30,587.3 1 0
github.com/rivaas-dev/rivaas/router/context.go:592.74,593.30 1 1
github.com/rivaas-dev/rivaas/router/context.go:593.30,595.3 1 0
github.com/rivaas-dev/rivaas/router/context.go:601.50,602.30 1 1
github.com/rivaas-dev/rivaas/router/context.go:602.30,604.3 1 0
github.com/rivaas-dev/rivaas/router/context.go:606.2,606.22 1 1
github.com/rivaas-dev/rivaas/router/context.go:606.22,608.3 1 1
github.com/rivaas-dev/rivaas/router/context.go:609.2,609.29 1 0
github.com/rivaas-dev/rivaas/router/context.go:614.27,628.22 10 1
github.com/rivaas-dev/rivaas/router/context.go:628.22,630.31 1 1
github.com/rivaas-dev/rivaas/router/context.go:630.31,633.4 2 1
github.com/rivaas-dev/rivaas/router/context.go:634.3,634.19 1 1
github.com/rivaas-dev/rivaas/router/context.go:638.2,638.21 1 1
github.com/rivaas-dev/rivaas/router/context.go:638.21,640.3 1 1
github.com/rivaas-dev/rivaas/router/groups.go:35.48,37.2 1 1
github.com/rivaas-dev/rivaas/router/groups.go:46.66,48.2 1 1
github.com/rivaas-dev/rivaas/router/groups.go:51.67,53.2 1 1
github.com/rivaas-dev/rivaas/router/groups.go:56.66,58.2 1 0
github.com/rivaas-dev/rivaas/router/groups.go:61.69,63.2 1 0
github.com/rivaas-dev/rivaas/router/groups.go:66.68,68.2 1 0
github.com/rivaas-dev/rivaas/router/groups.go:71.70,73.2 1 0
github.com/rivaas-dev/rivaas/router/groups.go:76.67,78.2 1 0
github.com/rivaas-dev/rivaas/router/groups.go:83.78,88.24 2 1
github.com/rivaas-dev/rivaas/router/groups.go:88.24,90.3 1 0
github.com/rivaas-dev/rivaas/router/groups.go:90.8,90.27 1 1
github.com/rivaas-dev/rivaas/router/groups.go:90.27,92.3 1 0
github.com/rivaas-dev/rivaas/router/groups.go:92.8,99.3 5 1
github.com/rivaas-dev/rivaas/router/groups.go:102.2,106.72 4 1
github.com/rivaas-dev/rivaas/router/pool.go:9.18,11.3 1 1
github.com/rivaas-dev/rivaas/router/pool.go:40.50,45.19 2 1
github.com/rivaas-dev/rivaas/router/pool.go:45.19,54.4 3 1
github.com/rivaas-dev/rivaas/router/pool.go:58.2,59.19 1 1
github.com/rivaas-dev/rivaas/router/pool.go:59.19,67.4 3 1
github.com/rivaas-dev/rivaas/router/pool.go:71.2,72.19 1 1
github.com/rivaas-dev/rivaas/router/pool.go:72.19,81.4 3 1
github.com/rivaas-dev/rivaas/router/pool.go:85.2,86.19 1 1
github.com/rivaas-dev/rivaas/router/pool.go:86.19,88.4 1 0
github.com/rivaas-dev/rivaas/router/pool.go:91.2,91.11 1 1
github.com/rivaas-dev/rivaas/router/pool.go:104.60,106.21 1 0
github.com/rivaas-dev/rivaas/router/pool.go:106.21,108.3 1 0
github.com/rivaas-dev/rivaas/router/pool.go:108.8,108.28 1 0
github.com/rivaas-dev/rivaas/router/pool.go:108.28,110.3 1 0
github.com/rivaas-dev/rivaas/router/pool.go:110.8,112.3 1 0
github.com/rivaas-dev/rivaas/router/pool.go:116.49,121.25 2 0
github.com/rivaas-dev/rivaas/router/pool.go:121.25,123.3 1 0
github.com/rivaas-dev/rivaas/router/pool.go:123.8,123.32 1 0
github.com/rivaas-dev/rivaas/router/pool.go:123.32,125.3 1 0
github.com/rivaas-dev/rivaas/router/pool.go:125.8,127.3 1 0
github.com/rivaas-dev/rivaas/router/pool.go:132.38,134.15 1 1
github.com/rivaas-dev/rivaas/router/pool.go:134.15,137.3 2 1
github.com/rivaas-dev/rivaas/router/pool.go:140.2,140.14 1 1
github.com/rivaas-dev/rivaas/router/pool.go:140.14,143.3 2 1
github.com/rivaas-dev/rivaas/router/pool.go:146.2,146.14 1 1
github.com/rivaas-dev/rivaas/router/pool.go:146.14,149.3 2 1
github.com/rivaas-dev/rivaas/router/radix.go:26.33,35.30 3 1
github.com/rivaas-dev/rivaas/router/radix.go:35.30,38.3 2 1
github.com/rivaas-dev/rivaas/router/radix.go:39.2,39.13 1 1
github.com/rivaas-dev/rivaas/router/radix.go:69.65,77.36 2 1
github.com/rivaas-dev/rivaas/router/radix.go:77.36,79.3 1 1
github.com/rivaas-dev/rivaas/router/radix.go:81.2,81.11 1 1
github.com/rivaas-dev/rivaas/router/radix.go:85.70,92.33 3 1
github.com/rivaas-dev/rivaas/router/radix.go:92.33,95.3 2 1
github.com/rivaas-dev/rivaas/router/radix.go:96.2,96.23 1 1
github.com/rivaas-dev/rivaas/router/radix.go:100.41,101.32 1 1
github.com/rivaas-dev/rivaas/router/radix.go:101.32,104.3 2 1
github.com/rivaas-dev/rivaas/router/radix.go:108.47,109.32 1 1
github.com/rivaas-dev/rivaas/router/radix.go:109.32,111.41 2 1
github.com/rivaas-dev/rivaas/router/radix.go:111.41,113.4 1 1
github.com/rivaas-dev/rivaas/router/radix.go:115.2,115.13 1 1
github.com/rivaas-dev/rivaas/router/radix.go:183.108,188.17 3 1
github.com/rivaas-dev/rivaas/router/radix.go:188.17,193.3 4 1
github.com/rivaas-dev/rivaas/router/radix.go:195.2,195.16 1 1
github.com/rivaas-dev/rivaas/router/radix.go:195.16,200.3 4 0
github.com/rivaas-dev/rivaas/router/radix.go:204.2,204.35 1 1
github.com/rivaas-dev/rivaas/router/radix.go:204.35,210.19 3 1
github.com/rivaas-dev/rivaas/router/radix.go:210.19,212.25 1 0
github.com/rivaas-dev/rivaas/router/radix.go:212.25,214.5 1 0
github.com/rivaas-dev/rivaas/router/radix.go:215.4,218.10 4 0
github.com/rivaas-dev/rivaas/router/radix.go:223.3,226.36 3 1
github.com/rivaas-dev/rivaas/router/radix.go:226.36,227.21 1 1
github.com/rivaas-dev/rivaas/router/radix.go:227.21,228.13 1 0
github.com/rivaas-dev/rivaas/router/radix.go:230.4,230.31 1 1
github.com/rivaas-dev/rivaas/router/radix.go:230.31,232.5 1 1
github.com/rivaas-dev/rivaas/router/radix.go:233.4,233.40 1 1
github.com/rivaas-dev/rivaas/router/radix.go:233.40,235.5 1 1
github.com/rivaas-dev/rivaas/router/radix.go:236.4,236.39 1 1
github.com/rivaas-dev/rivaas/router/radix.go:239.3,239.30 1 1
github.com/rivaas-dev/rivaas/router/radix.go:239.30,241.4 1 1
github.com/rivaas-dev/rivaas/router/radix.go:242.3,245.9 4 1
github.com/rivaas-dev/rivaas/router/radix.go:252.2,252.68 1 1
github.com/rivaas-dev/rivaas/router/radix.go:252.68,253.24 1 1
github.com/rivaas-dev/rivaas/router/radix.go:253.24,255.4 1 1
github.com/rivaas-dev/rivaas/router/radix.go:256.3,256.30 1 1
github.com/rivaas-dev/rivaas/router/radix.go:256.30,258.4 1 1
github.com/rivaas-dev/rivaas/router/radix.go:259.3,262.9 4 1
github.com/rivaas-dev/rivaas/router/radix.go:269.2,272.35 3 1
github.com/rivaas-dev/rivaas/router/radix.go:272.35,273.20 1 1
github.com/rivaas-dev/rivaas/router/radix.go:273.20,274.12 1 0
github.com/rivaas-dev/rivaas/router/radix.go:277.3,280.38 2 1
github.com/rivaas-dev/rivaas/router/radix.go:280.38,283.28 2 1
github.com/rivaas-dev/rivaas/router/radix.go:283.28,287.5 1 1
github.com/rivaas-dev/rivaas/router/radix.go:288.4,288.32 1 1
github.com/rivaas-dev/rivaas/router/radix.go:289.9,291.31 1 1
github.com/rivaas-dev/rivaas/router/radix.go:291.31,293.5 1 1
github.com/rivaas-dev/rivaas/router/radix.go:294.4,294.40 1 1
github.com/rivaas-dev/rivaas/router/radix.go:294.40,296.5 1 1
github.com/rivaas-dev/rivaas/router/radix.go:297.4,297.39 1 1
github.com/rivaas-dev/rivaas/router/radix.go:301.3,301.13 1 1
github.com/rivaas-dev/rivaas/router/radix.go:301.13,305.4 3 1
github.com/rivaas-dev/rivaas/router/radix.go:329.66,334.17 3 1
github.com/rivaas-dev/rivaas/router/radix.go:334.17,336.3 1 1
github.com/rivaas-dev/rivaas/router/radix.go:338.2,338.16 1 1
github.com/rivaas-dev/rivaas/router/radix.go:338.16,340.3 1 0
github.com/rivaas-dev/rivaas/router/radix.go:345.2,345.23 1 1
github.com/rivaas-dev/rivaas/router/radix.go:345.23,346.73 1 1
github.com/rivaas-dev/rivaas/router/radix.go:346.73,348.4 1 1
github.com/rivaas-dev/rivaas/router/radix.go:354.2,356.20 3 1
github.com/rivaas-dev/rivaas/router/radix.go:356.20,358.3 1 1
github.com/rivaas-dev/rivaas/router/radix.go:360.2,364.22 2 1
github.com/rivaas-dev/rivaas/router/radix.go:364.22,367.41 2 1
github.com/rivaas-dev/rivaas/router/radix.go:367.41,369.4 1 1
github.com/rivaas-dev/rivaas/router/radix.go:373.3,378.66 3 1
github.com/rivaas-dev/rivaas/router/radix.go:378.66,380.4 1 1
github.com/rivaas-dev/rivaas/router/radix.go:380.9,380.34 1 1
github.com/rivaas-dev/rivaas/router/radix.go:380.34,383.26 1 1
github.com/rivaas-dev/rivaas/router/radix.go:383.26,389.5 3 1
github.com/rivaas-dev/rivaas/router/radix.go:389.10,392.26 1 0
github.com/rivaas-dev/rivaas/router/radix.go:392.26,394.6 1 0
github.com/rivaas-dev/rivaas/router/radix.go:395.5,395.44 1 0
github.com/rivaas-dev/rivaas/router/radix.go:397.4,397.32 1 1
github.com/rivaas-dev/rivaas/router/radix.go:398.9,398.37 1 1
github.com/rivaas-dev/rivaas/router/radix.go:398.37,402.23 2 1
github.com/rivaas-dev/rivaas/router/radix.go:402.23,404.5 1 0
github.com/rivaas-dev/rivaas/router/radix.go:407.4,407.26 1 1
github.com/rivaas-dev/rivaas/router/radix.go:407.26,411.5 3 1
github.com/rivaas-dev/rivaas/router/radix.go:411.10,412.26 1 0
github.com/rivaas-dev/rivaas/router/radix.go:412.26,414.6 1 0
github.com/rivaas-dev/rivaas/router/radix.go:415.5,415.41 1 0
github.com/rivaas-dev/rivaas/router/radix.go:417.4,417.41 1 1
github.com/rivaas-dev/rivaas/router/radix.go:418.9,421.4 1 1
github.com/rivaas-dev/rivaas/router/radix.go:424.3,424.13 1 1
github.com/rivaas-dev/rivaas/router/radix.go:424.13,426.81 1 1
github.com/rivaas-dev/rivaas/router/radix.go:426.81,428.5 1 1
github.com/rivaas-dev/rivaas/router/radix.go:429.4,429.27 1 1
github.com/rivaas-dev/rivaas/router/radix.go:432.3,432.18 1 1
github.com/rivaas-dev/rivaas/router/radix.go:436.2,436.12 1 0
github.com/rivaas-dev/rivaas/router/radix.go:441.76,442.27 1 1
github.com/rivaas-dev/rivaas/router/radix.go:442.27,444.3 1 1
github.com/rivaas-dev/rivaas/router/radix.go:446.2,446.41 1 1
github.com/rivaas-dev/rivaas/router/radix.go:446.41,451.33 3 1
github.com/rivaas-dev/rivaas/router/radix.go:451.33,452.44 1 1
github.com/rivaas-dev/rivaas/router/radix.go:452.44,455.10 3 1
github.com/rivaas-dev/rivaas/router/radix.go:460.3,460.34 1 1
github.com/rivaas-dev/rivaas/router/radix.go:460.34,462.4 1 0
github.com/rivaas-dev/rivaas/router/radix.go:465.3,465.55 1 1
github.com/rivaas-dev/rivaas/router/radix.go:465.55,467.4 1 1
github.com/rivaas-dev/rivaas/router/radix.go:470.2,470.13 1 1
github.com/rivaas-dev/rivaas/router/radix.go:477.80,481.23 2 1
github.com/rivaas-dev/rivaas/router/radix.go:481.23,484.17 2 1
github.com/rivaas-dev/rivaas/router/radix.go:484.17,486.4 1 0
github.com/rivaas-dev/rivaas/router/radix.go:487.3,490.4 1 1
github.com/rivaas-dev/rivaas/router/radix.go:493.2,500.14 4 1
github.com/rivaas-dev/rivaas/router/radix.go:505.87,510.31 4 1
github.com/rivaas-dev/rivaas/router/radix.go:510.31,512.3 1 1
github.com/rivaas-dev/rivaas/router/radix.go:513.2,516.71 2 1
github.com/rivaas-dev/rivaas/router/radix.go:516.71,532.3 4 1
github.com/rivaas-dev/rivaas/router/radix.go:535.2,535.36 1 1
github.com/rivaas-dev/rivaas/router/radix.go:535.36,537.19 2 1
github.com/rivaas-dev/rivaas/router/radix.go:537.19,539.4 1 1
github.com/rivaas-dev/rivaas/router/radix.go:539.9,541.4 1 0
github.com/rivaas-dev/rivaas/router/radix.go:542.3,542.55 1 1
github.com/rivaas-dev/rivaas/router/radix.go:562.70,563.18 1 1
github.com/rivaas-dev/rivaas/router/radix.go:563.18,565.3 1 0
github.com/rivaas-dev/rivaas/router/radix.go:567.2,572.28 3 1
github.com/rivaas-dev/rivaas/router/radix.go:572.28,576.55 2 1
github.com/rivaas-dev/rivaas/router/radix.go:576.55,578.4 1 0
github.com/rivaas-dev/rivaas/router/radix.go:579.3,579.13 1 1
github.com/rivaas-dev/rivaas/router/radix.go:585.2,585.37 1 1
github.com/rivaas-dev/rivaas/router/radix.go:585.37,587.3 1 1
github.com/rivaas-dev/rivaas/router/radix.go:591.2,594.54 2 0
github.com/rivaas-dev/rivaas/router/radix.go:594.54,596.3 1 0
github.com/rivaas-dev/rivaas/router/radix.go:600.2,600.12 1 0
github.com/rivaas-dev/rivaas/router/router.go:70.49,71.17 1 0
github.com/rivaas-dev/rivaas/router/router.go:71.17,75.3 3 0
github.com/rivaas-dev/rivaas/router/router.go:79.56,80.17 1 0
github.com/rivaas-dev/rivaas/router/router.go:80.17,82.3 1 0
github.com/rivaas-dev/rivaas/router/router.go:83.2,83.24 1 0
github.com/rivaas-dev/rivaas/router/router.go:83.24,85.3 1 0
github.com/rivaas-dev/rivaas/router/router.go:86.2,88.15 3 0
github.com/rivaas-dev/rivaas/router/router.go:92.44,93.24 1 0
github.com/rivaas-dev/rivaas/router/router.go:93.24,95.3 1 0
github.com/rivaas-dev/rivaas/router/router.go:96.2,96.22 1 0
github.com/rivaas-dev/rivaas/router/router.go:100.38,102.2 1 0
github.com/rivaas-dev/rivaas/router/router.go:105.42,107.2 1 0
github.com/rivaas-dev/rivaas/router/router.go:110.73,111.59 1 0
github.com/rivaas-dev/rivaas/router/router.go:111.59,113.3 1 0
github.com/rivaas-dev/rivaas/router/router.go:114.2,114.80 1 0
github.com/rivaas-dev/rivaas/router/router.go:118.35,119.57 1 0
github.com/rivaas-dev/rivaas/router/router.go:119.57,121.3 1 0
github.com/rivaas-dev/rivaas/router/router.go:186.40,199.27 5 1
github.com/rivaas-dev/rivaas/router/router.go:199.27,201.3 1 1
github.com/rivaas-dev/rivaas/router/router.go:203.2,203.10 1 1
github.com/rivaas-dev/rivaas/router/router.go:208.63,210.2 1 0
github.com/rivaas-dev/rivaas/router/router.go:214.63,216.2 1 0
github.com/rivaas-dev/rivaas/router/router.go:227.43,229.2 1 0
github.com/rivaas-dev/rivaas/router/router.go:239.45,240.25 1 1
github.com/rivaas-dev/rivaas/router/router.go:240.25,242.3 1 1
github.com/rivaas-dev/rivaas/router/router.go:255.52,256.25 1 1
github.com/rivaas-dev/rivaas/router/router.go:256.25,257.15 1 1
github.com/rivaas-dev/rivaas/router/router.go:257.15,259.4 1 1
github.com/rivaas-dev/rivaas/router/router.go:277.79,278.6 1 1
github.com/rivaas-dev/rivaas/router/router.go:278.6,292.94 4 1
github.com/rivaas-dev/rivaas/router/router.go:292.94,296.4 2 1
github.com/rivaas-dev/rivaas/router/router.go:314.109,320.43 3 1
github.com/rivaas-dev/rivaas/router/router.go:320.43,325.3 2 1
github.com/rivaas-dev/rivaas/router/router.go:329.2,329.69 1 1
github.com/rivaas-dev/rivaas/router/router.go:329.69,331.51 1 1
github.com/rivaas-dev/rivaas/router/router.go:331.51,335.4 2 1
github.com/rivaas-dev/rivaas/router/router.go:339.3,343.18 5 1
github.com/rivaas-dev/rivaas/router/router.go:357.49,359.2 1 1
github.com/rivaas-dev/rivaas/router/router.go:373.73,379.2 1 1
github.com/rivaas-dev/rivaas/router/router.go:395.70,405.25 4 1
github.com/rivaas-dev/rivaas/router/router.go:405.25,407.65 2 1
github.com/rivaas-dev/rivaas/router/router.go:407.65,410.4 2 1
github.com/rivaas-dev/rivaas/router/router.go:416.2,417.17 2 1
github.com/rivaas-dev/rivaas/router/router.go:417.17,420.3 2 1
github.com/rivaas-dev/rivaas/router/router.go:424.2,424.26 1 1
github.com/rivaas-dev/rivaas/router/router.go:424.26,425.64 1 1
github.com/rivaas-dev/rivaas/router/router.go:425.64,426.36 1 0
github.com/rivaas-dev/rivaas/router/router.go:426.36,430.5 2 0
github.com/rivaas-dev/rivaas/router/router.go:430.10,430.26 1 0
github.com/rivaas-dev/rivaas/router/router.go:430.26,434.5 2 0
github.com/rivaas-dev/rivaas/router/router.go:434.10,434.28 1 0
github.com/rivaas-dev/rivaas/router/router.go:434.28,438.5 2 0
github.com/rivaas-dev/rivaas/router/router.go:438.10,450.28 7 0
github.com/rivaas-dev/rivaas/router/router.go:450.28,452.6 1 0
github.com/rivaas-dev/rivaas/router/router.go:454.5,459.31 4 0
github.com/rivaas-dev/rivaas/router/router.go:461.4,461.10 1 0
github.com/rivaas-dev/rivaas/router/router.go:466.2,474.25 7 1
github.com/rivaas-dev/rivaas/router/router.go:474.25,476.3 1 1
github.com/rivaas-dev/rivaas/router/router.go:478.2,478.15 1 1
github.com/rivaas-dev/rivaas/router/router.go:478.15,481.3 2 1
github.com/rivaas-dev/rivaas/router/router.go:483.2,487.21 3 1
github.com/rivaas-dev/rivaas/router/router.go:487.21,490.3 2 1
github.com/rivaas-dev/rivaas/router/router.go:492.2,492.34 1 1
github.com/rivaas-dev/rivaas/router/router.go:492.34,497.3 3 0
github.com/rivaas-dev/rivaas/router/router.go:497.8,497.24 1 1
github.com/rivaas-dev/rivaas/router/router.go:497.24,502.3 3 0
github.com/rivaas-dev/rivaas/router/router.go:502.8,502.26 1 1
github.com/rivaas-dev/rivaas/router/router.go:502.26,507.3 3 0
github.com/rivaas-dev/rivaas/router/router.go:507.8,513.3 4 1
github.com/rivaas-dev/rivaas/router/router.go:526.149,529.59 1 1
github.com/rivaas-dev/rivaas/router/router.go:529.59,530.81 1 1
github.com/rivaas-dev/rivaas/router/router.go:530.81,532.60 1 1
github.com/rivaas-dev/rivaas/router/router.go:532.60,535.5 2 0
github.com/rivaas-dev/rivaas/router/router.go:540.2,547.15 8 1
github.com/rivaas-dev/rivaas/router/router.go:547.15,550.3 2 1
github.com/rivaas-dev/rivaas/router/router.go:553.2,554.21 2 1
github.com/rivaas-dev/rivaas/router/router.go:554.21,557.3 2 1
github.com/rivaas-dev/rivaas/router/router.go:559.2,559.81 1 1
github.com/rivaas-dev/rivaas/router/router.go:563.156,564.34 1 1
github.com/rivaas-dev/rivaas/router/router.go:564.34,568.3 2 0
github.com/rivaas-dev/rivaas/router/router.go:568.8,568.24 1 1
github.com/rivaas-dev/rivaas/router/router.go:568.24,572.3 2 0
github.com/rivaas-dev/rivaas/router/router.go:572.8,572.26 1 1
github.com/rivaas-dev/rivaas/router/router.go:572.26,576.3 2 0
github.com/rivaas-dev/rivaas/router/router.go:576.8,594.3 11 1
github.com/rivaas-dev/rivaas/router/router.go:599.56,601.17 2 1
github.com/rivaas-dev/rivaas/router/router.go:601.17,603.3 1 1
github.com/rivaas-dev/rivaas/router/router.go:608.37,612.29 3 1
github.com/rivaas-dev/rivaas/router/router.go:612.29,614.3 1 1
github.com/rivaas-dev/rivaas/router/router.go:630.40,635.25 2 1
github.com/rivaas-dev/rivaas/router/router.go:635.25,637.3 1 1
github.com/rivaas-dev/rivaas/router/router.go:640.2,640.29 1 1
github.com/rivaas-dev/rivaas/router/router.go:653.41,656.28 2 1
github.com/rivaas-dev/rivaas/router/router.go:656.28,658.3 1 0
github.com/rivaas-dev/rivaas/router/router.go:660.2,663.49 2 1
github.com/rivaas-dev/rivaas/router/router.go:663.49,665.36 1 1
github.com/rivaas-dev/rivaas/router/router.go:665.36,666.19 1 1
github.com/rivaas-dev/rivaas/router/router.go:666.19,675.10 3 1
github.com/rivaas-dev/rivaas/router/router.go:682.63,683.47 1 1
github.com/rivaas-dev/rivaas/router/router.go:683.47,685.3 1 0
github.com/rivaas-dev/rivaas/router/router.go:689.136,719.2 16 0
github.com/rivaas-dev/rivaas/router/router.go:722.111,746.2 14 0
github.com/rivaas-dev/rivaas/router/router.go:749.126,773.2 12 0
github.com/rivaas-dev/rivaas/router/router.go:776.101,799.2 11 0
github.com/rivaas-dev/rivaas/router/router.go:802.91,819.2 9 0
github.com/rivaas-dev/rivaas/router/router.go:822.91,839.2 7 0
github.com/rivaas-dev/rivaas/router/routes.go:59.62,63.2 3 1
github.com/rivaas-dev/rivaas/router/routes.go:74.67,76.2 1 1
github.com/rivaas-dev/rivaas/router/routes.go:85.68,87.2 1 1
github.com/rivaas-dev/rivaas/router/routes.go:95.67,97.2 1 1
github.com/rivaas-dev/rivaas/router/routes.go:105.70,107.2 1 1
github.com/rivaas-dev/rivaas/router/routes.go:115.69,117.2 1 1
github.com/rivaas-dev/rivaas/router/routes.go:125.71,127.2 1 1
github.com/rivaas-dev/rivaas/router/routes.go:135.68,137.2 1 1
github.com/rivaas-dev/rivaas/router/routes.go:142.94,145.23 2 1
github.com/rivaas-dev/rivaas/router/routes.go:145.23,147.3 1 1
github.com/rivaas-dev/rivaas/router/routes.go:149.2,172.14 7 1
github.com/rivaas-dev/rivaas/router/routes.go:185.39,193.41 5 1
github.com/rivaas-dev/rivaas/router/routes.go:193.41,194.43 1 1
github.com/rivaas-dev/rivaas/router/routes.go:194.43,196.4 1 1
github.com/rivaas-dev/rivaas/router/routes.go:197.3,197.45 1 1
github.com/rivaas-dev/rivaas/router/routes.go:200.2,200.15 1 1
github.com/rivaas-dev/rivaas/router/routes.go:213.32,215.22 2 1
github.com/rivaas-dev/rivaas/router/routes.go:215.22,218.3 2 0
github.com/rivaas-dev/rivaas/router/routes.go:221.2,225.31 4 1
github.com/rivaas-dev/rivaas/router/routes.go:225.31,226.36 1 1
github.com/rivaas-dev/rivaas/router/routes.go:226.36,228.4 1 0
github.com/rivaas-dev/rivaas/router/routes.go:229.3,229.32 1 1
github.com/rivaas-dev/rivaas/router/routes.go:229.32,231.4 1 1
github.com/rivaas-dev/rivaas/router/routes.go:232.3,232.42 1 1
github.com/rivaas-dev/rivaas/router/routes.go:232.42,234.4 1 1
github.com/rivaas-dev/rivaas/router/routes.go:238.2,245.31 3 1
github.com/rivaas-dev/rivaas/router/routes.go:245.31,247.3 1 1
github.com/rivaas-dev/rivaas/router/routes.go:254.37,255.21 1 1
github.com/rivaas-dev/rivaas/router/routes.go:255.21,257.3 1 0
github.com/rivaas-dev/rivaas/router/routes.go:258.2,264.87 3 1
github.com/rivaas-dev/rivaas/router/routes.go:288.57,291.16 2 1
github.com/rivaas-dev/rivaas/router/routes.go:291.16,292.81 1 0
github.com/rivaas-dev/rivaas/router/routes.go:296.2,305.14 4 1
github.com/rivaas-dev/rivaas/router/routes.go:314.54,316.2 1 1
github.com/rivaas-dev/rivaas/router/routes.go:324.53,326.2 1 1
github.com/rivaas-dev/rivaas/router/routes.go:334.60,336.2 1 1
github.com/rivaas-dev/rivaas/router/routes.go:344.52,346.2 1 1
github.com/rivaas-dev/rivaas/router/routes.go:350.49,351.20 1 1
github.com/rivaas-dev/rivaas/router/routes.go:351.20,353.3 1 0
github.com/rivaas-dev/rivaas/router/routes.go:355.2,356.20 2 1
github.com/rivaas-dev/rivaas/router/routes.go:356.20,358.3 1 0
github.com/rivaas-dev/rivaas/router/routes.go:360.2,367.20 4 1
github.com/rivaas-dev/rivaas/router/routes.go:367.20,369.3 1 1
github.com/rivaas-dev/rivaas/router/routes.go:372.2,375.60 2 1
github.com/rivaas-dev/rivaas/router/static.go:23.52,25.2 1 1
github.com/rivaas-dev/rivaas/router/static.go:34.68,35.28 1 1
github.com/rivaas-dev/rivaas/router/static.go:35.28,36.40 1 0
github.com/rivaas-dev/rivaas/router/static.go:40.2,40.28 1 1
github.com/rivaas-dev/rivaas/router/static.go:40.28,42.3 1 0
github.com/rivaas-dev/rivaas/router/static.go:43.2,43.44 1 1
github.com/rivaas-dev/rivaas/router/static.go:43.44,44.43 1 1
github.com/rivaas-dev/rivaas/router/static.go:44.43,46.4 1 0
github.com/rivaas-dev/rivaas/router/static.go:46.9,48.4 1 1
github.com/rivaas-dev/rivaas/router/static.go:52.2,55.39 2 1
github.com/rivaas-dev/rivaas/router/static.go:55.39,57.3 1 1
github.com/rivaas-dev/rivaas/router/static.go:67.60,68.28 1 1
github.com/rivaas-dev/rivaas/router/static.go:68.28,69.40 1 0
github.com/rivaas-dev/rivaas/router/static.go:71.2,71.24 1 1
github.com/rivaas-dev/rivaas/router/static.go:71.24,72.36 1 0
github.com/rivaas-dev/rivaas/router/static.go:76.2,76.28 1 1
github.com/rivaas-dev/rivaas/router/static.go:76.28,78.3 1 0
github.com/rivaas-dev/rivaas/router/static.go:80.2,80.39 1 1
github.com/rivaas-dev/rivaas/router/static.go:80.39,82.3 1 1
github.com/rivaas-dev/rivaas/router/versioning.go:34.60,35.25 1 1
github.com/rivaas-dev/rivaas/router/versioning.go:35.25,36.26 1 1
github.com/rivaas-dev/rivaas/router/versioning.go:36.26,40.4 1 1
github.com/rivaas-dev/rivaas/router/versioning.go:41.3,41.28 1 1
github.com/rivaas-dev/rivaas/router/versioning.go:41.28,43.4 1 1
github.com/rivaas-dev/rivaas/router/versioning.go:48.63,49.37 1 1
github.com/rivaas-dev/rivaas/router/versioning.go:49.37,52.3 2 1
github.com/rivaas-dev/rivaas/router/versioning.go:56.61,57.37 1 1
github.com/rivaas-dev/rivaas/router/versioning.go:57.37,60.3 2 1
github.com/rivaas-dev/rivaas/router/versioning.go:64.58,65.37 1 1
github.com/rivaas-dev/rivaas/router/versioning.go:65.37,67.3 1 1
github.com/rivaas-dev/rivaas/router/versioning.go:71.61,72.37 1 1
github.com/rivaas-dev/rivaas/router/versioning.go:72.37,74.3 1 1
github.com/rivaas-dev/rivaas/router/versioning.go:78.86,79.37 1 1
github.com/rivaas-dev/rivaas/router/versioning.go:79.37,81.3 1 1
github.com/rivaas-dev/rivaas/router/versioning.go:96.58,98.40 1 1
github.com/rivaas-dev/rivaas/router/versioning.go:98.40,100.3 1 1
github.com/rivaas-dev/rivaas/router/versioning.go:103.2,103.32 1 1
github.com/rivaas-dev/rivaas/router/versioning.go:103.32,104.56 1 1
github.com/rivaas-dev/rivaas/router/versioning.go:104.56,106.4 1 1
github.com/rivaas-dev/rivaas/router/versioning.go:110.2,110.31 1 1
github.com/rivaas-dev/rivaas/router/versioning.go:110.31,111.55 1 1
github.com/rivaas-dev/rivaas/router/versioning.go:111.55,113.4 1 1
github.com/rivaas-dev/rivaas/router/versioning.go:116.2,116.36 1 1
github.com/rivaas-dev/rivaas/router/versioning.go:120.61,123.18 2 1
github.com/rivaas-dev/rivaas/router/versioning.go:123.18,125.3 1 1
github.com/rivaas-dev/rivaas/router/versioning.go:128.2,128.41 1 1
github.com/rivaas-dev/rivaas/router/versioning.go:128.41,129.59 1 1
github.com/rivaas-dev/rivaas/router/versioning.go:129.59,131.4 1 0
github.com/rivaas-dev/rivaas/router/versioning.go:134.2,134.15 1 1
github.com/rivaas-dev/rivaas/router/versioning.go:138.60,142.19 3 1
github.com/rivaas-dev/rivaas/router/versioning.go:142.19,144.3 1 1
github.com/rivaas-dev/rivaas/router/versioning.go:147.2,147.41 1 1
github.com/rivaas-dev/rivaas/router/versioning.go:147.41,148.60 1 1
github.com/rivaas-dev/rivaas/router/versioning.go:148.60,150.4 1 1
github.com/rivaas-dev/rivaas/router/versioning.go:153.2,153.16 1 1
github.com/rivaas-dev/rivaas/router/versioning.go:157.63,159.28 2 1
github.com/rivaas-dev/rivaas/router/versioning.go:159.28,161.3 1 1
github.com/rivaas-dev/rivaas/router/versioning.go:162.2,164.58 2 1
github.com/rivaas-dev/rivaas/router/versioning.go:164.58,166.3 1 1
github.com/rivaas-dev/rivaas/router/versioning.go:167.2,167.12 1 0
github.com/rivaas-dev/rivaas/router/versioning.go:184.119,188.28 2 1
github.com/rivaas-dev/rivaas/router/versioning.go:188.28,190.59 2 1
github.com/rivaas-dev/rivaas/router/versioning.go:190.59,191.51 1 1
github.com/rivaas-dev/rivaas/router/versioning.go:191.51,196.5 2 1
github.com/rivaas-dev/rivaas/router/versioning.go:202.2,202.6 1 1
github.com/rivaas-dev/rivaas/router/versioning.go:202.6,207.29 3 1
github.com/rivaas-dev/rivaas/router/versioning.go:207.29,210.4 1 1
github.com/rivaas-dev/rivaas/router/versioning.go:210.9,213.4 1 1
github.com/rivaas-dev/rivaas/router/versioning.go:217.3,217.59 1 1
github.com/rivaas-dev/rivaas/router/versioning.go:217.59,218.51 1 1
github.com/rivaas-dev/rivaas/router/versioning.go:218.51,222.5 2 1
github.com/rivaas-dev/rivaas/router/versioning.go:230.3,231.34 2 1
github.com/rivaas-dev/rivaas/router/versioning.go:231.34,234.26 2 1
github.com/rivaas-dev/rivaas/router/versioning.go:234.26,236.5 1 1
github.com/rivaas-dev/rivaas/router/versioning.go:237.4,237.33 1 1
github.com/rivaas-dev/rivaas/router/versioning.go:241.3,241.31 1 1
github.com/rivaas-dev/rivaas/router/versioning.go:241.31,243.4 1 1
github.com/rivaas-dev/rivaas/router/versioning.go:245.3,245.39 1 1
github.com/rivaas-dev/rivaas/router/versioning.go:245.39,247.4 1 1
github.com/rivaas-dev/rivaas/router/versioning.go:250.3,254.102 2 1
github.com/rivaas-dev/rivaas/router/versioning.go:254.102,256.4 1 1
github.com/rivaas-dev/rivaas/router/versioning.go:264.57,269.2 1 1
github.com/rivaas-dev/rivaas/router/versioning.go:278.86,280.2 1 1
github.com/rivaas-dev/rivaas/router/versioning.go:283.75,285.2 1 1
github.com/rivaas-dev/rivaas/router/versioning.go:288.76,290.2 1 1
github.com/rivaas-dev/rivaas/router/versioning.go:293.75,295.2 1 1
github.com/rivaas-dev/rivaas/router/versioning.go:298.78,300.2 1 1
github.com/rivaas-dev/rivaas/router/versioning.go:303.77,305.2 1 1
github.com/rivaas-dev/rivaas/router/versioning.go:308.79,310.2 1 1
github.com/rivaas-dev/rivaas/router/versioning.go:313.76,315.2 1 1
github.com/rivaas-dev/rivaas/router/versioning.go:318.94,334.2 4 1
github.com/rivaas-dev/rivaas/router/versioning.go:337.88,343.2 1 1
github.com/rivaas-dev/rivaas/router/versioning.go:354.85,358.2 3 1
github.com/rivaas-dev/rivaas/router/versioning.go:361.74,363.2 1 1
github.com/rivaas-dev/rivaas/router/versioning.go:366.75,368.2 1 1
github.com/rivaas-dev/rivaas/router/versioning.go:371.74,373.2 1 1
github.com/rivaas-dev/rivaas/router/versioning.go:376.77,378.2 1 1
github.com/rivaas-dev/rivaas/router/versioning.go:381.76,383.2 1 1
github.com/rivaas-dev/rivaas/router/versioning.go:386.78,388.2 1 1
github.com/rivaas-dev/rivaas/router/versioning.go:391.75,393.2 1 1
