mode: set
github.com/rivaas-dev/rivaas/router/context.go:84.66,92.2 1 1
github.com/rivaas-dev/rivaas/router/context.go:109.26,111.31 2 1
github.com/rivaas-dev/rivaas/router/context.go:111.31,113.3 1 1
github.com/rivaas-dev/rivaas/router/context.go:126.44,128.30 1 1
github.com/rivaas-dev/rivaas/router/context.go:128.30,129.28 1 1
github.com/rivaas-dev/rivaas/router/context.go:129.28,131.4 1 1
github.com/rivaas-dev/rivaas/router/context.go:134.2,134.22 1 1
github.com/rivaas-dev/rivaas/router/context.go:152.49,158.58 3 1
github.com/rivaas-dev/rivaas/router/context.go:158.58,161.3 1 1
github.com/rivaas-dev/rivaas/router/context.go:164.2,167.48 2 1
github.com/rivaas-dev/rivaas/router/context.go:167.48,168.20 1 0
github.com/rivaas-dev/rivaas/router/context.go:168.20,170.4 1 0
github.com/rivaas-dev/rivaas/router/context.go:171.8,173.3 1 1
github.com/rivaas-dev/rivaas/router/context.go:176.2,177.17 2 1
github.com/rivaas-dev/rivaas/router/context.go:191.47,192.42 1 1
github.com/rivaas-dev/rivaas/router/context.go:192.42,201.3 4 1
github.com/rivaas-dev/rivaas/router/context.go:215.72,216.51 1 1
github.com/rivaas-dev/rivaas/router/context.go:216.51,218.3 1 1
github.com/rivaas-dev/rivaas/router/context.go:221.2,221.48 1 1
github.com/rivaas-dev/rivaas/router/context.go:221.48,222.20 1 1
github.com/rivaas-dev/rivaas/router/context.go:222.20,224.4 1 1
github.com/rivaas-dev/rivaas/router/context.go:225.8,227.3 1 1
github.com/rivaas-dev/rivaas/router/context.go:230.2,230.22 1 1
github.com/rivaas-dev/rivaas/router/context.go:230.22,232.17 2 1
github.com/rivaas-dev/rivaas/router/context.go:232.17,234.4 1 0
github.com/rivaas-dev/rivaas/router/context.go:235.3,235.13 1 1
github.com/rivaas-dev/rivaas/router/context.go:240.2,240.22 1 1
github.com/rivaas-dev/rivaas/router/context.go:240.22,241.74 1 1
github.com/rivaas-dev/rivaas/router/context.go:241.74,243.17 2 1
github.com/rivaas-dev/rivaas/router/context.go:243.17,247.19 3 1
github.com/rivaas-dev/rivaas/router/context.go:247.19,249.6 1 0
github.com/rivaas-dev/rivaas/router/context.go:250.5,250.15 1 1
github.com/rivaas-dev/rivaas/router/context.go:257.2,258.16 2 1
github.com/rivaas-dev/rivaas/router/context.go:258.16,260.3 1 0
github.com/rivaas-dev/rivaas/router/context.go:261.2,261.12 1 1
github.com/rivaas-dev/rivaas/router/context.go:271.53,275.16 4 1
github.com/rivaas-dev/rivaas/router/context.go:275.16,277.3 1 0
github.com/rivaas-dev/rivaas/router/context.go:278.2,278.12 1 1
github.com/rivaas-dev/rivaas/router/context.go:287.36,289.48 1 1
github.com/rivaas-dev/rivaas/router/context.go:289.48,290.20 1 0
github.com/rivaas-dev/rivaas/router/context.go:290.20,292.4 1 0
github.com/rivaas-dev/rivaas/router/context.go:293.8,295.3 1 1
github.com/rivaas-dev/rivaas/router/context.go:313.45,315.40 1 1
github.com/rivaas-dev/rivaas/router/context.go:315.40,317.48 1 1
github.com/rivaas-dev/rivaas/router/context.go:317.48,325.4 1 0
github.com/rivaas-dev/rivaas/router/context.go:328.3,329.46 2 1
github.com/rivaas-dev/rivaas/router/context.go:332.2,332.37 1 1
github.com/rivaas-dev/rivaas/router/context.go:343.44,345.2 1 1
github.com/rivaas-dev/rivaas/router/context.go:355.47,357.2 1 1
github.com/rivaas-dev/rivaas/router/context.go:361.33,364.2 2 1
github.com/rivaas-dev/rivaas/router/context.go:368.32,371.2 2 1
github.com/rivaas-dev/rivaas/router/context.go:375.38,378.2 2 1
github.com/rivaas-dev/rivaas/router/context.go:382.38,385.2 2 1
github.com/rivaas-dev/rivaas/router/context.go:390.40,392.63 1 1
github.com/rivaas-dev/rivaas/router/context.go:392.63,394.48 1 1
github.com/rivaas-dev/rivaas/router/context.go:394.48,396.4 1 1
github.com/rivaas-dev/rivaas/router/context.go:397.3,397.32 1 1
github.com/rivaas-dev/rivaas/router/context.go:401.2,401.57 1 1
github.com/rivaas-dev/rivaas/router/context.go:401.57,403.3 1 1
github.com/rivaas-dev/rivaas/router/context.go:406.2,407.16 2 1
github.com/rivaas-dev/rivaas/router/context.go:407.16,409.3 1 0
github.com/rivaas-dev/rivaas/router/context.go:410.2,410.11 1 1
github.com/rivaas-dev/rivaas/router/context.go:415.35,417.26 1 1
github.com/rivaas-dev/rivaas/router/context.go:417.26,419.3 1 0
github.com/rivaas-dev/rivaas/router/context.go:422.2,423.25 2 1
github.com/rivaas-dev/rivaas/router/context.go:433.55,436.2 2 1
github.com/rivaas-dev/rivaas/router/context.go:445.41,447.2 1 1
github.com/rivaas-dev/rivaas/router/context.go:451.31,453.2 1 1
github.com/rivaas-dev/rivaas/router/context.go:462.65,464.17 2 1
github.com/rivaas-dev/rivaas/router/context.go:464.17,466.3 1 1
github.com/rivaas-dev/rivaas/router/context.go:467.2,467.14 1 1
github.com/rivaas-dev/rivaas/router/context.go:472.68,474.17 2 1
github.com/rivaas-dev/rivaas/router/context.go:474.17,476.3 1 1
github.com/rivaas-dev/rivaas/router/context.go:477.2,477.14 1 1
github.com/rivaas-dev/rivaas/router/context.go:489.36,491.2 1 1
github.com/rivaas-dev/rivaas/router/context.go:503.50,505.2 1 1
github.com/rivaas-dev/rivaas/router/context.go:513.105,524.2 2 1
github.com/rivaas-dev/rivaas/router/context.go:528.58,530.16 2 1
github.com/rivaas-dev/rivaas/router/context.go:530.16,532.3 1 1
github.com/rivaas-dev/rivaas/router/context.go:533.2,534.16 2 1
github.com/rivaas-dev/rivaas/router/context.go:534.16,536.3 1 0
github.com/rivaas-dev/rivaas/router/context.go:537.2,537.19 1 1
github.com/rivaas-dev/rivaas/router/context.go:542.94,543.30 1 1
github.com/rivaas-dev/rivaas/router/context.go:543.30,545.3 1 1
github.com/rivaas-dev/rivaas/router/context.go:550.83,551.30 1 1
github.com/rivaas-dev/rivaas/router/context.go:551.30,553.3 1 1
github.com/rivaas-dev/rivaas/router/context.go:558.90,559.30 1 1
github.com/rivaas-dev/rivaas/router/context.go:559.30,561.3 1 1
github.com/rivaas-dev/rivaas/router/context.go:566.36,567.30 1 1
github.com/rivaas-dev/rivaas/router/context.go:567.30,569.3 1 1
github.com/rivaas-dev/rivaas/router/context.go:570.2,570.11 1 1
github.com/rivaas-dev/rivaas/router/context.go:575.35,576.30 1 1
github.com/rivaas-dev/rivaas/router/context.go:576.30,578.3 1 1
github.com/rivaas-dev/rivaas/router/context.go:579.2,579.11 1 1
github.com/rivaas-dev/rivaas/router/context.go:584.67,585.30 1 1
github.com/rivaas-dev/rivaas/router/context.go:585.30,587.3 1 1
github.com/rivaas-dev/rivaas/router/context.go:592.74,593.30 1 1
github.com/rivaas-dev/rivaas/router/context.go:593.30,595.3 1 1
github.com/rivaas-dev/rivaas/router/context.go:601.50,602.30 1 1
github.com/rivaas-dev/rivaas/router/context.go:602.30,604.3 1 1
github.com/rivaas-dev/rivaas/router/context.go:606.2,606.22 1 1
github.com/rivaas-dev/rivaas/router/context.go:606.22,608.3 1 1
github.com/rivaas-dev/rivaas/router/context.go:609.2,609.29 1 0
github.com/rivaas-dev/rivaas/router/context.go:614.27,628.22 10 1
github.com/rivaas-dev/rivaas/router/context.go:628.22,630.31 1 1
github.com/rivaas-dev/rivaas/router/context.go:630.31,633.4 2 1
github.com/rivaas-dev/rivaas/router/context.go:634.3,634.19 1 1
github.com/rivaas-dev/rivaas/router/context.go:638.2,638.21 1 1
github.com/rivaas-dev/rivaas/router/context.go:638.21,640.3 1 1
github.com/rivaas-dev/rivaas/router/groups.go:35.48,37.2 1 1
github.com/rivaas-dev/rivaas/router/groups.go:46.66,48.2 1 1
github.com/rivaas-dev/rivaas/router/groups.go:51.67,53.2 1 1
github.com/rivaas-dev/rivaas/router/groups.go:56.66,58.2 1 0
github.com/rivaas-dev/rivaas/router/groups.go:61.69,63.2 1 0
github.com/rivaas-dev/rivaas/router/groups.go:66.68,68.2 1 0
github.com/rivaas-dev/rivaas/router/groups.go:71.70,73.2 1 0
github.com/rivaas-dev/rivaas/router/groups.go:76.67,78.2 1 0
github.com/rivaas-dev/rivaas/router/groups.go:83.78,88.24 2 1
github.com/rivaas-dev/rivaas/router/groups.go:88.24,90.3 1 0
github.com/rivaas-dev/rivaas/router/groups.go:90.8,90.27 1 1
github.com/rivaas-dev/rivaas/router/groups.go:90.27,92.3 1 0
github.com/rivaas-dev/rivaas/router/groups.go:92.8,99.3 5 1
github.com/rivaas-dev/rivaas/router/groups.go:102.2,106.72 4 1
github.com/rivaas-dev/rivaas/router/pool.go:9.18,11.3 1 1
github.com/rivaas-dev/rivaas/router/pool.go:40.50,45.19 2 1
github.com/rivaas-dev/rivaas/router/pool.go:45.19,54.4 3 1
github.com/rivaas-dev/rivaas/router/pool.go:58.2,59.19 1 1
github.com/rivaas-dev/rivaas/router/pool.go:59.19,67.4 3 1
github.com/rivaas-dev/rivaas/router/pool.go:71.2,72.19 1 1
github.com/rivaas-dev/rivaas/router/pool.go:72.19,81.4 3 1
github.com/rivaas-dev/rivaas/router/pool.go:85.2,86.19 1 1
github.com/rivaas-dev/rivaas/router/pool.go:86.19,88.4 1 0
github.com/rivaas-dev/rivaas/router/pool.go:91.2,91.11 1 1
github.com/rivaas-dev/rivaas/router/pool.go:104.60,106.21 1 1
github.com/rivaas-dev/rivaas/router/pool.go:106.21,108.3 1 1
github.com/rivaas-dev/rivaas/router/pool.go:108.8,108.28 1 0
github.com/rivaas-dev/rivaas/router/pool.go:108.28,110.3 1 0
github.com/rivaas-dev/rivaas/router/pool.go:110.8,112.3 1 0
github.com/rivaas-dev/rivaas/router/pool.go:116.49,121.25 2 1
github.com/rivaas-dev/rivaas/router/pool.go:121.25,123.3 1 1
github.com/rivaas-dev/rivaas/router/pool.go:123.8,123.32 1 0
github.com/rivaas-dev/rivaas/router/pool.go:123.32,125.3 1 0
github.com/rivaas-dev/rivaas/router/pool.go:125.8,127.3 1 0
github.com/rivaas-dev/rivaas/router/pool.go:132.38,134.15 1 1
github.com/rivaas-dev/rivaas/router/pool.go:134.15,137.3 2 1
github.com/rivaas-dev/rivaas/router/pool.go:140.2,140.14 1 1
github.com/rivaas-dev/rivaas/router/pool.go:140.14,143.3 2 1
github.com/rivaas-dev/rivaas/router/pool.go:146.2,146.14 1 1
github.com/rivaas-dev/rivaas/router/pool.go:146.14,149.3 2 1
github.com/rivaas-dev/rivaas/router/radix.go:26.33,35.30 3 1
github.com/rivaas-dev/rivaas/router/radix.go:35.30,38.3 2 1
github.com/rivaas-dev/rivaas/router/radix.go:39.2,39.13 1 1
github.com/rivaas-dev/rivaas/router/radix.go:69.65,77.36 2 1
github.com/rivaas-dev/rivaas/router/radix.go:77.36,79.3 1 1
github.com/rivaas-dev/rivaas/router/radix.go:81.2,81.11 1 1
github.com/rivaas-dev/rivaas/router/radix.go:85.70,92.33 3 1
github.com/rivaas-dev/rivaas/router/radix.go:92.33,95.3 2 1
github.com/rivaas-dev/rivaas/router/radix.go:96.2,96.23 1 1
github.com/rivaas-dev/rivaas/router/radix.go:100.41,101.32 1 1
github.com/rivaas-dev/rivaas/router/radix.go:101.32,104.3 2 1
github.com/rivaas-dev/rivaas/router/radix.go:108.47,109.32 1 1
github.com/rivaas-dev/rivaas/router/radix.go:109.32,111.41 2 1
github.com/rivaas-dev/rivaas/router/radix.go:111.41,113.4 1 1
github.com/rivaas-dev/rivaas/router/radix.go:115.2,115.13 1 1
github.com/rivaas-dev/rivaas/router/radix.go:183.108,188.17 3 1
github.com/rivaas-dev/rivaas/router/radix.go:188.17,193.3 4 1
github.com/rivaas-dev/rivaas/router/radix.go:195.2,195.16 1 1
github.com/rivaas-dev/rivaas/router/radix.go:195.16,200.3 4 0
github.com/rivaas-dev/rivaas/router/radix.go:204.2,204.35 1 1
github.com/rivaas-dev/rivaas/router/radix.go:204.35,210.19 3 1
github.com/rivaas-dev/rivaas/router/radix.go:210.19,212.25 1 0
github.com/rivaas-dev/rivaas/router/radix.go:212.25,214.5 1 0
github.com/rivaas-dev/rivaas/router/radix.go:215.4,218.10 4 0
github.com/rivaas-dev/rivaas/router/radix.go:223.3,226.36 3 1
github.com/rivaas-dev/rivaas/router/radix.go:226.36,227.21 1 1
github.com/rivaas-dev/rivaas/router/radix.go:227.21,228.13 1 0
github.com/rivaas-dev/rivaas/router/radix.go:230.4,230.31 1 1
github.com/rivaas-dev/rivaas/router/radix.go:230.31,232.5 1 1
github.com/rivaas-dev/rivaas/router/radix.go:233.4,233.40 1 1
github.com/rivaas-dev/rivaas/router/radix.go:233.40,235.5 1 1
github.com/rivaas-dev/rivaas/router/radix.go:236.4,236.39 1 1
github.com/rivaas-dev/rivaas/router/radix.go:239.3,239.30 1 1
github.com/rivaas-dev/rivaas/router/radix.go:239.30,241.4 1 1
github.com/rivaas-dev/rivaas/router/radix.go:242.3,245.9 4 1
github.com/rivaas-dev/rivaas/router/radix.go:252.2,252.68 1 1
github.com/rivaas-dev/rivaas/router/radix.go:252.68,253.24 1 1
github.com/rivaas-dev/rivaas/router/radix.go:253.24,255.4 1 1
github.com/rivaas-dev/rivaas/router/radix.go:256.3,256.30 1 1
github.com/rivaas-dev/rivaas/router/radix.go:256.30,258.4 1 1
github.com/rivaas-dev/rivaas/router/radix.go:259.3,262.9 4 1
github.com/rivaas-dev/rivaas/router/radix.go:269.2,272.35 3 1
github.com/rivaas-dev/rivaas/router/radix.go:272.35,273.20 1 1
github.com/rivaas-dev/rivaas/router/radix.go:273.20,274.12 1 0
github.com/rivaas-dev/rivaas/router/radix.go:277.3,280.38 2 1
github.com/rivaas-dev/rivaas/router/radix.go:280.38,283.28 2 1
github.com/rivaas-dev/rivaas/router/radix.go:283.28,287.5 1 1
github.com/rivaas-dev/rivaas/router/radix.go:288.4,288.32 1 1
github.com/rivaas-dev/rivaas/router/radix.go:289.9,291.31 1 1
github.com/rivaas-dev/rivaas/router/radix.go:291.31,293.5 1 1
github.com/rivaas-dev/rivaas/router/radix.go:294.4,294.40 1 1
github.com/rivaas-dev/rivaas/router/radix.go:294.40,296.5 1 1
github.com/rivaas-dev/rivaas/router/radix.go:297.4,297.39 1 1
github.com/rivaas-dev/rivaas/router/radix.go:301.3,301.13 1 1
github.com/rivaas-dev/rivaas/router/radix.go:301.13,305.4 3 1
github.com/rivaas-dev/rivaas/router/radix.go:329.66,334.17 3 1
github.com/rivaas-dev/rivaas/router/radix.go:334.17,336.3 1 1
github.com/rivaas-dev/rivaas/router/radix.go:338.2,338.16 1 1
github.com/rivaas-dev/rivaas/router/radix.go:338.16,340.3 1 0
github.com/rivaas-dev/rivaas/router/radix.go:345.2,345.23 1 1
github.com/rivaas-dev/rivaas/router/radix.go:345.23,346.73 1 1
github.com/rivaas-dev/rivaas/router/radix.go:346.73,348.4 1 1
github.com/rivaas-dev/rivaas/router/radix.go:354.2,356.20 3 1
github.com/rivaas-dev/rivaas/router/radix.go:356.20,358.3 1 1
github.com/rivaas-dev/rivaas/router/radix.go:360.2,364.22 2 1
github.com/rivaas-dev/rivaas/router/radix.go:364.22,367.41 2 1
github.com/rivaas-dev/rivaas/router/radix.go:367.41,369.4 1 1
github.com/rivaas-dev/rivaas/router/radix.go:373.3,378.66 3 1
github.com/rivaas-dev/rivaas/router/radix.go:378.66,380.4 1 1
github.com/rivaas-dev/rivaas/router/radix.go:380.9,380.34 1 1
github.com/rivaas-dev/rivaas/router/radix.go:380.34,383.26 1 1
github.com/rivaas-dev/rivaas/router/radix.go:383.26,389.5 3 1
github.com/rivaas-dev/rivaas/router/radix.go:389.10,392.26 1 0
github.com/rivaas-dev/rivaas/router/radix.go:392.26,394.6 1 0
github.com/rivaas-dev/rivaas/router/radix.go:395.5,395.44 1 0
github.com/rivaas-dev/rivaas/router/radix.go:397.4,397.32 1 1
github.com/rivaas-dev/rivaas/router/radix.go:398.9,398.37 1 1
github.com/rivaas-dev/rivaas/router/radix.go:398.37,402.23 2 1
github.com/rivaas-dev/rivaas/router/radix.go:402.23,404.5 1 0
github.com/rivaas-dev/rivaas/router/radix.go:407.4,407.26 1 1
github.com/rivaas-dev/rivaas/router/radix.go:407.26,411.5 3 1
github.com/rivaas-dev/rivaas/router/radix.go:411.10,412.26 1 0
github.com/rivaas-dev/rivaas/router/radix.go:412.26,414.6 1 0
github.com/rivaas-dev/rivaas/router/radix.go:415.5,415.41 1 0
github.com/rivaas-dev/rivaas/router/radix.go:417.4,417.41 1 1
github.com/rivaas-dev/rivaas/router/radix.go:418.9,421.4 1 1
github.com/rivaas-dev/rivaas/router/radix.go:424.3,424.13 1 1
github.com/rivaas-dev/rivaas/router/radix.go:424.13,426.81 1 1
github.com/rivaas-dev/rivaas/router/radix.go:426.81,428.5 1 1
github.com/rivaas-dev/rivaas/router/radix.go:429.4,429.27 1 1
github.com/rivaas-dev/rivaas/router/radix.go:432.3,432.18 1 1
github.com/rivaas-dev/rivaas/router/radix.go:436.2,436.12 1 0
github.com/rivaas-dev/rivaas/router/radix.go:441.76,442.27 1 1
github.com/rivaas-dev/rivaas/router/radix.go:442.27,444.3 1 1
github.com/rivaas-dev/rivaas/router/radix.go:446.2,446.41 1 1
github.com/rivaas-dev/rivaas/router/radix.go:446.41,451.33 3 1
github.com/rivaas-dev/rivaas/router/radix.go:451.33,452.44 1 1
github.com/rivaas-dev/rivaas/router/radix.go:452.44,455.10 3 1
github.com/rivaas-dev/rivaas/router/radix.go:460.3,460.34 1 1
github.com/rivaas-dev/rivaas/router/radix.go:460.34,462.4 1 0
github.com/rivaas-dev/rivaas/router/radix.go:465.3,465.55 1 1
github.com/rivaas-dev/rivaas/router/radix.go:465.55,467.4 1 1
github.com/rivaas-dev/rivaas/router/radix.go:470.2,470.13 1 1
github.com/rivaas-dev/rivaas/router/radix.go:477.80,481.23 2 1
github.com/rivaas-dev/rivaas/router/radix.go:481.23,484.17 2 1
github.com/rivaas-dev/rivaas/router/radix.go:484.17,486.4 1 0
github.com/rivaas-dev/rivaas/router/radix.go:487.3,490.4 1 1
github.com/rivaas-dev/rivaas/router/radix.go:493.2,500.14 4 1
github.com/rivaas-dev/rivaas/router/radix.go:505.87,510.31 4 1
github.com/rivaas-dev/rivaas/router/radix.go:510.31,512.3 1 1
github.com/rivaas-dev/rivaas/router/radix.go:513.2,516.71 2 1
github.com/rivaas-dev/rivaas/router/radix.go:516.71,532.3 4 1
github.com/rivaas-dev/rivaas/router/radix.go:535.2,535.36 1 1
github.com/rivaas-dev/rivaas/router/radix.go:535.36,537.19 2 1
github.com/rivaas-dev/rivaas/router/radix.go:537.19,539.4 1 1
github.com/rivaas-dev/rivaas/router/radix.go:539.9,541.4 1 0
github.com/rivaas-dev/rivaas/router/radix.go:542.3,542.55 1 1
github.com/rivaas-dev/rivaas/router/radix.go:562.70,563.18 1 1
github.com/rivaas-dev/rivaas/router/radix.go:563.18,565.3 1 0
github.com/rivaas-dev/rivaas/router/radix.go:567.2,572.28 3 1
github.com/rivaas-dev/rivaas/router/radix.go:572.28,576.55 2 1
github.com/rivaas-dev/rivaas/router/radix.go:576.55,578.4 1 0
github.com/rivaas-dev/rivaas/router/radix.go:579.3,579.13 1 1
github.com/rivaas-dev/rivaas/router/radix.go:585.2,585.37 1 1
github.com/rivaas-dev/rivaas/router/radix.go:585.37,587.3 1 1
github.com/rivaas-dev/rivaas/router/radix.go:591.2,594.54 2 0
github.com/rivaas-dev/rivaas/router/radix.go:594.54,596.3 1 0
github.com/rivaas-dev/rivaas/router/radix.go:600.2,600.12 1 0
github.com/rivaas-dev/rivaas/router/router.go:70.49,71.17 1 1
github.com/rivaas-dev/rivaas/router/router.go:71.17,75.3 3 1
github.com/rivaas-dev/rivaas/router/router.go:79.56,80.17 1 1
github.com/rivaas-dev/rivaas/router/router.go:80.17,82.3 1 0
github.com/rivaas-dev/rivaas/router/router.go:83.2,83.24 1 1
github.com/rivaas-dev/rivaas/router/router.go:83.24,85.3 1 0
github.com/rivaas-dev/rivaas/router/router.go:86.2,88.15 3 1
github.com/rivaas-dev/rivaas/router/router.go:92.44,93.24 1 1
github.com/rivaas-dev/rivaas/router/router.go:93.24,95.3 1 0
github.com/rivaas-dev/rivaas/router/router.go:96.2,96.22 1 1
github.com/rivaas-dev/rivaas/router/router.go:100.38,102.2 1 1
github.com/rivaas-dev/rivaas/router/router.go:105.42,107.2 1 1
github.com/rivaas-dev/rivaas/router/router.go:110.73,111.59 1 0
github.com/rivaas-dev/rivaas/router/router.go:111.59,113.3 1 0
github.com/rivaas-dev/rivaas/router/router.go:114.2,114.80 1 0
github.com/rivaas-dev/rivaas/router/router.go:118.35,119.57 1 0
github.com/rivaas-dev/rivaas/router/router.go:119.57,121.3 1 0
github.com/rivaas-dev/rivaas/router/router.go:186.40,199.27 5 1
github.com/rivaas-dev/rivaas/router/router.go:199.27,201.3 1 1
github.com/rivaas-dev/rivaas/router/router.go:203.2,203.10 1 1
github.com/rivaas-dev/rivaas/router/router.go:208.63,210.2 1 1
github.com/rivaas-dev/rivaas/router/router.go:214.63,216.2 1 1
github.com/rivaas-dev/rivaas/router/router.go:227.43,229.2 1 0
github.com/rivaas-dev/rivaas/router/router.go:239.45,240.25 1 1
github.com/rivaas-dev/rivaas/router/router.go:240.25,242.3 1 1
github.com/rivaas-dev/rivaas/router/router.go:255.52,256.25 1 1
github.com/rivaas-dev/rivaas/router/router.go:256.25,257.15 1 1
github.com/rivaas-dev/rivaas/router/router.go:257.15,259.4 1 1
github.com/rivaas-dev/rivaas/router/router.go:277.79,278.6 1 1
github.com/rivaas-dev/rivaas/router/router.go:278.6,292.94 4 1
github.com/rivaas-dev/rivaas/router/router.go:292.94,296.4 2 1
github.com/rivaas-dev/rivaas/router/router.go:314.109,320.43 3 1
github.com/rivaas-dev/rivaas/router/router.go:320.43,325.3 2 1
github.com/rivaas-dev/rivaas/router/router.go:329.2,329.69 1 1
github.com/rivaas-dev/rivaas/router/router.go:329.69,331.51 1 1
github.com/rivaas-dev/rivaas/router/router.go:331.51,335.4 2 1
github.com/rivaas-dev/rivaas/router/router.go:339.3,343.18 5 1
github.com/rivaas-dev/rivaas/router/router.go:357.49,359.2 1 1
github.com/rivaas-dev/rivaas/router/router.go:373.73,379.2 1 1
github.com/rivaas-dev/rivaas/router/router.go:395.70,405.25 4 1
github.com/rivaas-dev/rivaas/router/router.go:405.25,407.65 2 1
github.com/rivaas-dev/rivaas/router/router.go:407.65,410.4 2 1
github.com/rivaas-dev/rivaas/router/router.go:416.2,417.17 2 1
github.com/rivaas-dev/rivaas/router/router.go:417.17,420.3 2 1
github.com/rivaas-dev/rivaas/router/router.go:424.2,424.26 1 1
github.com/rivaas-dev/rivaas/router/router.go:424.26,425.64 1 1
github.com/rivaas-dev/rivaas/router/router.go:425.64,426.36 1 0
github.com/rivaas-dev/rivaas/router/router.go:426.36,430.5 2 0
github.com/rivaas-dev/rivaas/router/router.go:430.10,430.26 1 0
github.com/rivaas-dev/rivaas/router/router.go:430.26,434.5 2 0
github.com/rivaas-dev/rivaas/router/router.go:434.10,434.28 1 0
github.com/rivaas-dev/rivaas/router/router.go:434.28,438.5 2 0
github.com/rivaas-dev/rivaas/router/router.go:438.10,450.28 7 0
github.com/rivaas-dev/rivaas/router/router.go:450.28,452.6 1 0
github.com/rivaas-dev/rivaas/router/router.go:454.5,459.31 4 0
github.com/rivaas-dev/rivaas/router/router.go:461.4,461.10 1 0
github.com/rivaas-dev/rivaas/router/router.go:466.2,474.25 7 1
github.com/rivaas-dev/rivaas/router/router.go:474.25,476.3 1 1
github.com/rivaas-dev/rivaas/router/router.go:478.2,478.15 1 1
github.com/rivaas-dev/rivaas/router/router.go:478.15,481.3 2 1
github.com/rivaas-dev/rivaas/router/router.go:483.2,487.21 3 1
github.com/rivaas-dev/rivaas/router/router.go:487.21,490.3 2 1
github.com/rivaas-dev/rivaas/router/router.go:492.2,492.34 1 1
github.com/rivaas-dev/rivaas/router/router.go:492.34,497.3 3 1
github.com/rivaas-dev/rivaas/router/router.go:497.8,497.24 1 1
github.com/rivaas-dev/rivaas/router/router.go:497.24,502.3 3 1
github.com/rivaas-dev/rivaas/router/router.go:502.8,502.26 1 1
github.com/rivaas-dev/rivaas/router/router.go:502.26,507.3 3 1
github.com/rivaas-dev/rivaas/router/router.go:507.8,513.3 4 1
github.com/rivaas-dev/rivaas/router/router.go:526.149,529.59 1 1
github.com/rivaas-dev/rivaas/router/router.go:529.59,530.81 1 1
github.com/rivaas-dev/rivaas/router/router.go:530.81,532.60 1 1
github.com/rivaas-dev/rivaas/router/router.go:532.60,535.5 2 0
github.com/rivaas-dev/rivaas/router/router.go:540.2,547.15 8 1
github.com/rivaas-dev/rivaas/router/router.go:547.15,550.3 2 1
github.com/rivaas-dev/rivaas/router/router.go:553.2,554.21 2 1
github.com/rivaas-dev/rivaas/router/router.go:554.21,557.3 2 1
github.com/rivaas-dev/rivaas/router/router.go:559.2,559.81 1 1
github.com/rivaas-dev/rivaas/router/router.go:563.156,564.34 1 1
github.com/rivaas-dev/rivaas/router/router.go:564.34,568.3 2 1
github.com/rivaas-dev/rivaas/router/router.go:568.8,568.24 1 1
github.com/rivaas-dev/rivaas/router/router.go:568.24,572.3 2 1
github.com/rivaas-dev/rivaas/router/router.go:572.8,572.26 1 1
github.com/rivaas-dev/rivaas/router/router.go:572.26,576.3 2 1
github.com/rivaas-dev/rivaas/router/router.go:576.8,594.3 11 1
github.com/rivaas-dev/rivaas/router/router.go:599.56,601.17 2 1
github.com/rivaas-dev/rivaas/router/router.go:601.17,603.3 1 1
github.com/rivaas-dev/rivaas/router/router.go:608.37,612.29 3 1
github.com/rivaas-dev/rivaas/router/router.go:612.29,614.3 1 1
github.com/rivaas-dev/rivaas/router/router.go:630.40,635.25 2 1
github.com/rivaas-dev/rivaas/router/router.go:635.25,637.3 1 1
github.com/rivaas-dev/rivaas/router/router.go:640.2,640.29 1 1
github.com/rivaas-dev/rivaas/router/router.go:653.41,656.28 2 1
github.com/rivaas-dev/rivaas/router/router.go:656.28,658.3 1 0
github.com/rivaas-dev/rivaas/router/router.go:660.2,663.49 2 1
github.com/rivaas-dev/rivaas/router/router.go:663.49,665.36 1 1
github.com/rivaas-dev/rivaas/router/router.go:665.36,666.19 1 1
github.com/rivaas-dev/rivaas/router/router.go:666.19,675.10 3 1
github.com/rivaas-dev/rivaas/router/router.go:682.63,683.47 1 1
github.com/rivaas-dev/rivaas/router/router.go:683.47,685.3 1 1
github.com/rivaas-dev/rivaas/router/router.go:689.136,719.2 16 1
github.com/rivaas-dev/rivaas/router/router.go:722.111,746.2 14 1
github.com/rivaas-dev/rivaas/router/router.go:749.126,773.2 12 1
github.com/rivaas-dev/rivaas/router/router.go:776.101,799.2 11 1
github.com/rivaas-dev/rivaas/router/router.go:802.91,819.2 9 1
github.com/rivaas-dev/rivaas/router/router.go:822.91,839.2 7 1
github.com/rivaas-dev/rivaas/router/routes.go:59.62,63.2 3 1
github.com/rivaas-dev/rivaas/router/routes.go:74.67,76.2 1 1
github.com/rivaas-dev/rivaas/router/routes.go:85.68,87.2 1 1
github.com/rivaas-dev/rivaas/router/routes.go:95.67,97.2 1 1
github.com/rivaas-dev/rivaas/router/routes.go:105.70,107.2 1 1
github.com/rivaas-dev/rivaas/router/routes.go:115.69,117.2 1 1
github.com/rivaas-dev/rivaas/router/routes.go:125.71,127.2 1 1
github.com/rivaas-dev/rivaas/router/routes.go:135.68,137.2 1 1
github.com/rivaas-dev/rivaas/router/routes.go:142.94,145.23 2 1
github.com/rivaas-dev/rivaas/router/routes.go:145.23,147.3 1 1
github.com/rivaas-dev/rivaas/router/routes.go:149.2,172.14 7 1
github.com/rivaas-dev/rivaas/router/routes.go:185.39,193.41 5 1
github.com/rivaas-dev/rivaas/router/routes.go:193.41,194.43 1 1
github.com/rivaas-dev/rivaas/router/routes.go:194.43,196.4 1 1
github.com/rivaas-dev/rivaas/router/routes.go:197.3,197.45 1 1
github.com/rivaas-dev/rivaas/router/routes.go:200.2,200.15 1 1
github.com/rivaas-dev/rivaas/router/routes.go:213.32,215.22 2 1
github.com/rivaas-dev/rivaas/router/routes.go:215.22,218.3 2 0
github.com/rivaas-dev/rivaas/router/routes.go:221.2,225.31 4 1
github.com/rivaas-dev/rivaas/router/routes.go:225.31,226.36 1 1
github.com/rivaas-dev/rivaas/router/routes.go:226.36,228.4 1 0
github.com/rivaas-dev/rivaas/router/routes.go:229.3,229.32 1 1
github.com/rivaas-dev/rivaas/router/routes.go:229.32,231.4 1 1
github.com/rivaas-dev/rivaas/router/routes.go:232.3,232.42 1 1
github.com/rivaas-dev/rivaas/router/routes.go:232.42,234.4 1 1
github.com/rivaas-dev/rivaas/router/routes.go:238.2,245.31 3 1
github.com/rivaas-dev/rivaas/router/routes.go:245.31,247.3 1 1
github.com/rivaas-dev/rivaas/router/routes.go:254.37,255.21 1 1
github.com/rivaas-dev/rivaas/router/routes.go:255.21,257.3 1 0
github.com/rivaas-dev/rivaas/router/routes.go:258.2,264.87 3 1
github.com/rivaas-dev/rivaas/router/routes.go:288.57,291.16 2 1
github.com/rivaas-dev/rivaas/router/routes.go:291.16,292.81 1 0
github.com/rivaas-dev/rivaas/router/routes.go:296.2,305.14 4 1
github.com/rivaas-dev/rivaas/router/routes.go:314.54,316.2 1 1
github.com/rivaas-dev/rivaas/router/routes.go:324.53,326.2 1 1
github.com/rivaas-dev/rivaas/router/routes.go:334.60,336.2 1 1
github.com/rivaas-dev/rivaas/router/routes.go:344.52,346.2 1 1
github.com/rivaas-dev/rivaas/router/routes.go:350.49,351.20 1 1
github.com/rivaas-dev/rivaas/router/routes.go:351.20,353.3 1 0
github.com/rivaas-dev/rivaas/router/routes.go:355.2,356.20 2 1
github.com/rivaas-dev/rivaas/router/routes.go:356.20,358.3 1 0
github.com/rivaas-dev/rivaas/router/routes.go:360.2,367.20 4 1
github.com/rivaas-dev/rivaas/router/routes.go:367.20,369.3 1 1
github.com/rivaas-dev/rivaas/router/routes.go:372.2,375.60 2 1
github.com/rivaas-dev/rivaas/router/static.go:23.52,25.2 1 1
github.com/rivaas-dev/rivaas/router/static.go:34.68,35.28 1 1
github.com/rivaas-dev/rivaas/router/static.go:35.28,36.40 1 0
github.com/rivaas-dev/rivaas/router/static.go:40.2,40.28 1 1
github.com/rivaas-dev/rivaas/router/static.go:40.28,42.3 1 0
github.com/rivaas-dev/rivaas/router/static.go:43.2,43.44 1 1
github.com/rivaas-dev/rivaas/router/static.go:43.44,44.43 1 1
github.com/rivaas-dev/rivaas/router/static.go:44.43,46.4 1 0
github.com/rivaas-dev/rivaas/router/static.go:46.9,48.4 1 1
github.com/rivaas-dev/rivaas/router/static.go:52.2,55.39 2 1
github.com/rivaas-dev/rivaas/router/static.go:55.39,57.3 1 1
github.com/rivaas-dev/rivaas/router/static.go:67.60,68.28 1 1
github.com/rivaas-dev/rivaas/router/static.go:68.28,69.40 1 0
github.com/rivaas-dev/rivaas/router/static.go:71.2,71.24 1 1
github.com/rivaas-dev/rivaas/router/static.go:71.24,72.36 1 0
github.com/rivaas-dev/rivaas/router/static.go:76.2,76.28 1 1
github.com/rivaas-dev/rivaas/router/static.go:76.28,78.3 1 0
github.com/rivaas-dev/rivaas/router/static.go:80.2,80.39 1 1
github.com/rivaas-dev/rivaas/router/static.go:80.39,82.3 1 1
github.com/rivaas-dev/rivaas/router/versioning.go:34.60,35.25 1 1
github.com/rivaas-dev/rivaas/router/versioning.go:35.25,36.26 1 1
github.com/rivaas-dev/rivaas/router/versioning.go:36.26,40.4 1 1
github.com/rivaas-dev/rivaas/router/versioning.go:41.3,41.28 1 1
github.com/rivaas-dev/rivaas/router/versioning.go:41.28,43.4 1 1
github.com/rivaas-dev/rivaas/router/versioning.go:48.63,49.37 1 1
github.com/rivaas-dev/rivaas/router/versioning.go:49.37,52.3 2 1
github.com/rivaas-dev/rivaas/router/versioning.go:56.61,57.37 1 1
github.com/rivaas-dev/rivaas/router/versioning.go:57.37,60.3 2 1
github.com/rivaas-dev/rivaas/router/versioning.go:64.58,65.37 1 1
github.com/rivaas-dev/rivaas/router/versioning.go:65.37,67.3 1 1
github.com/rivaas-dev/rivaas/router/versioning.go:71.61,72.37 1 1
github.com/rivaas-dev/rivaas/router/versioning.go:72.37,74.3 1 1
github.com/rivaas-dev/rivaas/router/versioning.go:78.86,79.37 1 1
github.com/rivaas-dev/rivaas/router/versioning.go:79.37,81.3 1 1
github.com/rivaas-dev/rivaas/router/versioning.go:96.58,98.40 1 1
github.com/rivaas-dev/rivaas/router/versioning.go:98.40,100.3 1 1
github.com/rivaas-dev/rivaas/router/versioning.go:103.2,103.32 1 1
github.com/rivaas-dev/rivaas/router/versioning.go:103.32,104.56 1 1
github.com/rivaas-dev/rivaas/router/versioning.go:104.56,106.4 1 1
github.com/rivaas-dev/rivaas/router/versioning.go:110.2,110.31 1 1
github.com/rivaas-dev/rivaas/router/versioning.go:110.31,111.55 1 1
github.com/rivaas-dev/rivaas/router/versioning.go:111.55,113.4 1 1
github.com/rivaas-dev/rivaas/router/versioning.go:116.2,116.36 1 1
github.com/rivaas-dev/rivaas/router/versioning.go:120.61,123.18 2 1
github.com/rivaas-dev/rivaas/router/versioning.go:123.18,125.3 1 1
github.com/rivaas-dev/rivaas/router/versioning.go:128.2,128.41 1 1
github.com/rivaas-dev/rivaas/router/versioning.go:128.41,129.59 1 1
github.com/rivaas-dev/rivaas/router/versioning.go:129.59,131.4 1 0
github.com/rivaas-dev/rivaas/router/versioning.go:134.2,134.15 1 1
github.com/rivaas-dev/rivaas/router/versioning.go:138.60,142.19 3 1
github.com/rivaas-dev/rivaas/router/versioning.go:142.19,144.3 1 1
github.com/rivaas-dev/rivaas/router/versioning.go:147.2,147.41 1 1
github.com/rivaas-dev/rivaas/router/versioning.go:147.41,148.60 1 1
github.com/rivaas-dev/rivaas/router/versioning.go:148.60,150.4 1 1
github.com/rivaas-dev/rivaas/router/versioning.go:153.2,153.16 1 1
github.com/rivaas-dev/rivaas/router/versioning.go:157.63,159.28 2 1
github.com/rivaas-dev/rivaas/router/versioning.go:159.28,161.3 1 1
github.com/rivaas-dev/rivaas/router/versioning.go:162.2,164.58 2 1
github.com/rivaas-dev/rivaas/router/versioning.go:164.58,166.3 1 1
github.com/rivaas-dev/rivaas/router/versioning.go:167.2,167.12 1 0
github.com/rivaas-dev/rivaas/router/versioning.go:184.119,188.28 2 1
github.com/rivaas-dev/rivaas/router/versioning.go:188.28,190.59 2 1
github.com/rivaas-dev/rivaas/router/versioning.go:190.59,191.51 1 1
github.com/rivaas-dev/rivaas/router/versioning.go:191.51,196.5 2 1
github.com/rivaas-dev/rivaas/router/versioning.go:202.2,202.6 1 1
github.com/rivaas-dev/rivaas/router/versioning.go:202.6,207.29 3 1
github.com/rivaas-dev/rivaas/router/versioning.go:207.29,210.4 1 1
github.com/rivaas-dev/rivaas/router/versioning.go:210.9,213.4 1 1
github.com/rivaas-dev/rivaas/router/versioning.go:217.3,217.59 1 1
github.com/rivaas-dev/rivaas/router/versioning.go:217.59,218.51 1 1
github.com/rivaas-dev/rivaas/router/versioning.go:218.51,222.5 2 0
github.com/rivaas-dev/rivaas/router/versioning.go:230.3,231.34 2 1
github.com/rivaas-dev/rivaas/router/versioning.go:231.34,234.26 2 1
github.com/rivaas-dev/rivaas/router/versioning.go:234.26,236.5 1 1
github.com/rivaas-dev/rivaas/router/versioning.go:237.4,237.33 1 1
github.com/rivaas-dev/rivaas/router/versioning.go:241.3,241.31 1 1
github.com/rivaas-dev/rivaas/router/versioning.go:241.31,243.4 1 1
github.com/rivaas-dev/rivaas/router/versioning.go:245.3,245.39 1 1
github.com/rivaas-dev/rivaas/router/versioning.go:245.39,247.4 1 1
github.com/rivaas-dev/rivaas/router/versioning.go:250.3,254.102 2 1
github.com/rivaas-dev/rivaas/router/versioning.go:254.102,256.4 1 1
github.com/rivaas-dev/rivaas/router/versioning.go:264.57,269.2 1 1
github.com/rivaas-dev/rivaas/router/versioning.go:278.86,280.2 1 1
github.com/rivaas-dev/rivaas/router/versioning.go:283.75,285.2 1 1
github.com/rivaas-dev/rivaas/router/versioning.go:288.76,290.2 1 1
github.com/rivaas-dev/rivaas/router/versioning.go:293.75,295.2 1 1
github.com/rivaas-dev/rivaas/router/versioning.go:298.78,300.2 1 1
github.com/rivaas-dev/rivaas/router/versioning.go:303.77,305.2 1 1
github.com/rivaas-dev/rivaas/router/versioning.go:308.79,310.2 1 1
github.com/rivaas-dev/rivaas/router/versioning.go:313.76,315.2 1 1
github.com/rivaas-dev/rivaas/router/versioning.go:318.94,334.2 4 1
github.com/rivaas-dev/rivaas/router/versioning.go:337.88,343.2 1 1
github.com/rivaas-dev/rivaas/router/versioning.go:354.85,358.2 3 1
github.com/rivaas-dev/rivaas/router/versioning.go:361.74,363.2 1 1
github.com/rivaas-dev/rivaas/router/versioning.go:366.75,368.2 1 1
github.com/rivaas-dev/rivaas/router/versioning.go:371.74,373.2 1 1
github.com/rivaas-dev/rivaas/router/versioning.go:376.77,378.2 1 1
github.com/rivaas-dev/rivaas/router/versioning.go:381.76,383.2 1 1
github.com/rivaas-dev/rivaas/router/versioning.go:386.78,388.2 1 1
github.com/rivaas-dev/rivaas/router/versioning.go:391.75,393.2 1 1
