mode: atomic
github.com/rivaas-dev/rivaas/metrics/metrics.go:165.42,166.25 1 54
github.com/rivaas-dev/rivaas/metrics/metrics.go:166.25,168.3 1 54
github.com/rivaas-dev/rivaas/metrics/metrics.go:172.48,173.25 1 1
github.com/rivaas-dev/rivaas/metrics/metrics.go:173.25,175.3 1 1
github.com/rivaas-dev/rivaas/metrics/metrics.go:179.52,180.25 1 22
github.com/rivaas-dev/rivaas/metrics/metrics.go:180.25,182.3 1 22
github.com/rivaas-dev/rivaas/metrics/metrics.go:186.43,187.25 1 6
github.com/rivaas-dev/rivaas/metrics/metrics.go:187.25,189.3 1 6
github.com/rivaas-dev/rivaas/metrics/metrics.go:193.56,194.25 1 2
github.com/rivaas-dev/rivaas/metrics/metrics.go:194.25,196.3 1 2
github.com/rivaas-dev/rivaas/metrics/metrics.go:200.47,201.25 1 3
github.com/rivaas-dev/rivaas/metrics/metrics.go:201.25,202.30 1 3
github.com/rivaas-dev/rivaas/metrics/metrics.go:202.30,204.4 1 6
github.com/rivaas-dev/rivaas/metrics/metrics.go:209.44,210.25 1 2
github.com/rivaas-dev/rivaas/metrics/metrics.go:210.25,212.3 1 2
github.com/rivaas-dev/rivaas/metrics/metrics.go:216.33,217.25 1 1
github.com/rivaas-dev/rivaas/metrics/metrics.go:217.25,219.3 1 1
github.com/rivaas-dev/rivaas/metrics/metrics.go:224.35,225.25 1 40
github.com/rivaas-dev/rivaas/metrics/metrics.go:225.25,227.3 1 40
github.com/rivaas-dev/rivaas/metrics/metrics.go:232.35,233.25 1 1
github.com/rivaas-dev/rivaas/metrics/metrics.go:233.25,235.3 1 1
github.com/rivaas-dev/rivaas/metrics/metrics.go:240.34,241.25 1 21
github.com/rivaas-dev/rivaas/metrics/metrics.go:241.25,243.3 1 21
github.com/rivaas-dev/rivaas/metrics/metrics.go:249.30,250.25 1 3
github.com/rivaas-dev/rivaas/metrics/metrics.go:250.25,252.3 1 3
github.com/rivaas-dev/rivaas/metrics/metrics.go:256.43,257.25 1 7
github.com/rivaas-dev/rivaas/metrics/metrics.go:257.25,259.3 1 7
github.com/rivaas-dev/rivaas/metrics/metrics.go:263.39,264.25 1 0
github.com/rivaas-dev/rivaas/metrics/metrics.go:264.25,266.3 1 0
github.com/rivaas-dev/rivaas/metrics/metrics.go:280.43,285.27 3 62
github.com/rivaas-dev/rivaas/metrics/metrics.go:285.27,287.3 1 163
github.com/rivaas-dev/rivaas/metrics/metrics.go:290.2,290.42 1 62
github.com/rivaas-dev/rivaas/metrics/metrics.go:290.42,292.3 1 0
github.com/rivaas-dev/rivaas/metrics/metrics.go:295.2,295.52 1 62
github.com/rivaas-dev/rivaas/metrics/metrics.go:295.52,297.3 1 0
github.com/rivaas-dev/rivaas/metrics/metrics.go:299.2,299.20 1 62
github.com/rivaas-dev/rivaas/metrics/metrics.go:303.33,320.2 3 62
github.com/rivaas-dev/rivaas/metrics/metrics.go:323.35,331.2 6 62
github.com/rivaas-dev/rivaas/metrics/metrics.go:334.35,336.25 1 69
github.com/rivaas-dev/rivaas/metrics/metrics.go:336.25,338.3 1 1
github.com/rivaas-dev/rivaas/metrics/metrics.go:341.2,341.28 1 68
github.com/rivaas-dev/rivaas/metrics/metrics.go:341.28,343.3 1 1
github.com/rivaas-dev/rivaas/metrics/metrics.go:346.2,346.28 1 67
github.com/rivaas-dev/rivaas/metrics/metrics.go:346.28,348.3 1 1
github.com/rivaas-dev/rivaas/metrics/metrics.go:351.2,351.36 1 66
github.com/rivaas-dev/rivaas/metrics/metrics.go:351.36,353.3 1 4
github.com/rivaas-dev/rivaas/metrics/metrics.go:356.2,356.20 1 66
github.com/rivaas-dev/rivaas/metrics/metrics.go:357.26,358.26 1 50
github.com/rivaas-dev/rivaas/metrics/metrics.go:358.26,360.4 1 1
github.com/rivaas-dev/rivaas/metrics/metrics.go:361.3,361.26 1 49
github.com/rivaas-dev/rivaas/metrics/metrics.go:361.26,363.4 1 1
github.com/rivaas-dev/rivaas/metrics/metrics.go:364.20,365.23 1 8
github.com/rivaas-dev/rivaas/metrics/metrics.go:365.23,368.4 2 2
github.com/rivaas-dev/rivaas/metrics/metrics.go:369.22,369.22 0 7
github.com/rivaas-dev/rivaas/metrics/metrics.go:371.10,372.68 1 1
github.com/rivaas-dev/rivaas/metrics/metrics.go:375.2,375.12 1 63
github.com/rivaas-dev/rivaas/metrics/metrics.go:381.38,383.16 2 37
github.com/rivaas-dev/rivaas/metrics/metrics.go:383.16,384.62 1 0
github.com/rivaas-dev/rivaas/metrics/metrics.go:386.2,386.15 1 37
github.com/rivaas-dev/rivaas/metrics/metrics.go:390.32,392.68 1 62
github.com/rivaas-dev/rivaas/metrics/metrics.go:392.68,393.36 1 2
github.com/rivaas-dev/rivaas/metrics/metrics.go:394.21,395.35 1 1
github.com/rivaas-dev/rivaas/metrics/metrics.go:396.15,397.29 1 1
github.com/rivaas-dev/rivaas/metrics/metrics.go:398.17,399.31 1 0
github.com/rivaas-dev/rivaas/metrics/metrics.go:404.2,404.82 1 62
github.com/rivaas-dev/rivaas/metrics/metrics.go:404.82,406.3 1 0
github.com/rivaas-dev/rivaas/metrics/metrics.go:406.8,406.81 1 62
github.com/rivaas-dev/rivaas/metrics/metrics.go:406.81,408.3 1 0
github.com/rivaas-dev/rivaas/metrics/metrics.go:411.2,411.70 1 62
github.com/rivaas-dev/rivaas/metrics/metrics.go:411.70,413.3 1 1
github.com/rivaas-dev/rivaas/metrics/metrics.go:416.2,416.79 1 62
github.com/rivaas-dev/rivaas/metrics/metrics.go:416.79,418.3 1 1
github.com/rivaas-dev/rivaas/metrics/metrics.go:421.2,421.58 1 62
github.com/rivaas-dev/rivaas/metrics/metrics.go:421.58,422.36 1 1
github.com/rivaas-dev/rivaas/metrics/metrics.go:422.36,424.4 1 1
github.com/rivaas-dev/rivaas/metrics/metrics.go:425.3,425.23 1 1
github.com/rivaas-dev/rivaas/metrics/metrics.go:429.2,429.58 1 62
github.com/rivaas-dev/rivaas/metrics/metrics.go:429.58,431.3 1 1
github.com/rivaas-dev/rivaas/metrics/metrics.go:437.53,438.16 1 4
github.com/rivaas-dev/rivaas/metrics/metrics.go:438.16,440.3 1 0
github.com/rivaas-dev/rivaas/metrics/metrics.go:442.2,442.68 1 4
github.com/rivaas-dev/rivaas/metrics/metrics.go:442.68,444.3 1 2
github.com/rivaas-dev/rivaas/metrics/metrics.go:446.2,446.33 1 2
github.com/rivaas-dev/rivaas/metrics/metrics.go:450.48,451.16 1 11
github.com/rivaas-dev/rivaas/metrics/metrics.go:451.16,453.3 1 1
github.com/rivaas-dev/rivaas/metrics/metrics.go:454.2,454.19 1 10
github.com/rivaas-dev/rivaas/metrics/metrics.go:459.44,460.74 1 6
github.com/rivaas-dev/rivaas/metrics/metrics.go:460.74,462.3 1 2
github.com/rivaas-dev/rivaas/metrics/metrics.go:463.2,463.22 1 4
github.com/rivaas-dev/rivaas/metrics/metrics.go:470.54,471.16 1 48
github.com/rivaas-dev/rivaas/metrics/metrics.go:471.16,473.3 1 1
github.com/rivaas-dev/rivaas/metrics/metrics.go:477.2,477.51 1 47
github.com/rivaas-dev/rivaas/metrics/metrics.go:477.51,479.3 1 2
github.com/rivaas-dev/rivaas/metrics/metrics.go:481.2,484.49 2 45
github.com/rivaas-dev/rivaas/metrics/metrics.go:484.49,486.3 1 0
github.com/rivaas-dev/rivaas/metrics/metrics.go:489.2,489.62 1 45
github.com/rivaas-dev/rivaas/metrics/metrics.go:489.62,490.42 1 45
github.com/rivaas-dev/rivaas/metrics/metrics.go:490.42,492.4 1 7
github.com/rivaas-dev/rivaas/metrics/metrics.go:496.2,496.19 1 45
github.com/rivaas-dev/rivaas/metrics/metrics.go:496.19,498.3 1 7
github.com/rivaas-dev/rivaas/metrics/metrics.go:500.2,500.12 1 38
github.com/rivaas-dev/rivaas/metrics/metrics.go:504.35,506.2 1 21
github.com/rivaas-dev/rivaas/metrics/metrics.go:509.42,511.2 1 2
github.com/rivaas-dev/rivaas/metrics/metrics.go:514.45,516.2 1 2
github.com/rivaas-dev/rivaas/metrics/metrics.go:519.69,520.21 1 504
github.com/rivaas-dev/rivaas/metrics/metrics.go:520.21,522.3 1 0
github.com/rivaas-dev/rivaas/metrics/metrics.go:526.68,527.21 1 13
github.com/rivaas-dev/rivaas/metrics/metrics.go:527.21,529.3 1 0
github.com/rivaas-dev/rivaas/metrics/metrics.go:533.68,534.21 1 18
github.com/rivaas-dev/rivaas/metrics/metrics.go:534.21,536.3 1 0
github.com/rivaas-dev/rivaas/metrics/metrics.go:540.69,541.21 1 85
github.com/rivaas-dev/rivaas/metrics/metrics.go:541.21,543.3 1 0
github.com/rivaas-dev/rivaas/metrics/providers.go:22.45,23.20 1 62
github.com/rivaas-dev/rivaas/metrics/providers.go:24.26,25.36 1 47
github.com/rivaas-dev/rivaas/metrics/providers.go:26.20,27.30 1 8
github.com/rivaas-dev/rivaas/metrics/providers.go:28.22,29.32 1 7
github.com/rivaas-dev/rivaas/metrics/providers.go:30.10,31.68 1 0
github.com/rivaas-dev/rivaas/metrics/providers.go:36.49,44.16 3 47
github.com/rivaas-dev/rivaas/metrics/providers.go:44.16,46.3 1 0
github.com/rivaas-dev/rivaas/metrics/providers.go:48.2,66.46 6 47
github.com/rivaas-dev/rivaas/metrics/providers.go:66.46,68.3 1 0
github.com/rivaas-dev/rivaas/metrics/providers.go:71.2,71.23 1 47
github.com/rivaas-dev/rivaas/metrics/providers.go:71.23,73.3 1 26
github.com/rivaas-dev/rivaas/metrics/providers.go:75.2,75.12 1 47
github.com/rivaas-dev/rivaas/metrics/providers.go:79.43,82.22 2 8
github.com/rivaas-dev/rivaas/metrics/providers.go:82.22,88.45 3 8
github.com/rivaas-dev/rivaas/metrics/providers.go:88.45,91.4 2 7
github.com/rivaas-dev/rivaas/metrics/providers.go:91.9,91.53 1 1
github.com/rivaas-dev/rivaas/metrics/providers.go:91.53,93.4 1 1
github.com/rivaas-dev/rivaas/metrics/providers.go:96.3,96.53 1 8
github.com/rivaas-dev/rivaas/metrics/providers.go:96.53,98.4 1 1
github.com/rivaas-dev/rivaas/metrics/providers.go:100.3,101.13 2 8
github.com/rivaas-dev/rivaas/metrics/providers.go:101.13,103.4 1 7
github.com/rivaas-dev/rivaas/metrics/providers.go:106.2,107.16 2 8
github.com/rivaas-dev/rivaas/metrics/providers.go:107.16,109.3 1 0
github.com/rivaas-dev/rivaas/metrics/providers.go:111.2,126.30 6 8
github.com/rivaas-dev/rivaas/metrics/providers.go:130.45,132.16 2 7
github.com/rivaas-dev/rivaas/metrics/providers.go:132.16,134.3 1 0
github.com/rivaas-dev/rivaas/metrics/providers.go:136.2,151.30 6 7
github.com/rivaas-dev/rivaas/metrics/providers.go:155.39,156.32 1 27
github.com/rivaas-dev/rivaas/metrics/providers.go:156.32,158.3 1 0
github.com/rivaas-dev/rivaas/metrics/providers.go:161.2,161.29 1 27
github.com/rivaas-dev/rivaas/metrics/providers.go:161.29,164.3 2 1
github.com/rivaas-dev/rivaas/metrics/providers.go:166.2,170.18 4 26
github.com/rivaas-dev/rivaas/metrics/providers.go:170.18,173.17 2 3
github.com/rivaas-dev/rivaas/metrics/providers.go:173.17,177.4 2 1
github.com/rivaas-dev/rivaas/metrics/providers.go:178.3,179.29 2 2
github.com/rivaas-dev/rivaas/metrics/providers.go:180.8,183.17 2 23
github.com/rivaas-dev/rivaas/metrics/providers.go:183.17,186.4 2 0
github.com/rivaas-dev/rivaas/metrics/providers.go:190.2,196.73 4 25
github.com/rivaas-dev/rivaas/metrics/providers.go:196.73,200.3 3 0
github.com/rivaas-dev/rivaas/metrics/providers.go:202.2,218.12 7 25
github.com/rivaas-dev/rivaas/metrics/providers.go:218.12,220.41 1 25
github.com/rivaas-dev/rivaas/metrics/providers.go:220.41,227.4 1 7
github.com/rivaas-dev/rivaas/metrics/providers.go:227.9,231.4 1 18
github.com/rivaas-dev/rivaas/metrics/providers.go:233.3,233.80 1 25
github.com/rivaas-dev/rivaas/metrics/providers.go:233.80,239.4 4 0
github.com/rivaas-dev/rivaas/metrics/providers.go:244.63,250.19 5 45
github.com/rivaas-dev/rivaas/metrics/providers.go:250.19,252.46 2 11
github.com/rivaas-dev/rivaas/metrics/providers.go:252.46,255.4 2 0
github.com/rivaas-dev/rivaas/metrics/providers.go:256.3,256.54 1 11
github.com/rivaas-dev/rivaas/metrics/providers.go:258.2,258.12 1 45
github.com/rivaas-dev/rivaas/metrics/providers.go:263.62,266.35 2 23
github.com/rivaas-dev/rivaas/metrics/providers.go:266.35,268.3 1 0
github.com/rivaas-dev/rivaas/metrics/providers.go:271.2,273.16 3 23
github.com/rivaas-dev/rivaas/metrics/providers.go:273.16,275.3 1 0
github.com/rivaas-dev/rivaas/metrics/providers.go:278.2,278.21 1 23
github.com/rivaas-dev/rivaas/metrics/providers.go:278.21,284.17 4 43
github.com/rivaas-dev/rivaas/metrics/providers.go:284.17,288.4 2 23
github.com/rivaas-dev/rivaas/metrics/providers.go:291.2,291.82 1 0
github.com/rivaas-dev/rivaas/metrics/recording.go:21.13,25.2 1 1
github.com/rivaas-dev/rivaas/metrics/recording.go:47.44,50.2 1 0
github.com/rivaas-dev/rivaas/metrics/recording.go:58.45,60.2 1 0
github.com/rivaas-dev/rivaas/metrics/recording.go:71.44,72.16 1 963
github.com/rivaas-dev/rivaas/metrics/recording.go:72.16,74.3 1 1
github.com/rivaas-dev/rivaas/metrics/recording.go:75.2,75.37 1 962
github.com/rivaas-dev/rivaas/metrics/recording.go:75.37,77.3 1 1
github.com/rivaas-dev/rivaas/metrics/recording.go:78.2,78.40 1 961
github.com/rivaas-dev/rivaas/metrics/recording.go:78.40,80.3 1 5
github.com/rivaas-dev/rivaas/metrics/recording.go:83.2,83.42 1 956
github.com/rivaas-dev/rivaas/metrics/recording.go:83.42,84.38 1 2866
github.com/rivaas-dev/rivaas/metrics/recording.go:84.38,87.4 1 4
github.com/rivaas-dev/rivaas/metrics/recording.go:90.2,90.12 1 952
github.com/rivaas-dev/rivaas/metrics/recording.go:101.126,102.16 1 7
github.com/rivaas-dev/rivaas/metrics/recording.go:102.16,104.3 1 1
github.com/rivaas-dev/rivaas/metrics/recording.go:107.2,107.9 1 6
github.com/rivaas-dev/rivaas/metrics/recording.go:108.20,109.13 1 1
github.com/rivaas-dev/rivaas/metrics/recording.go:110.10,110.10 0 5
github.com/rivaas-dev/rivaas/metrics/recording.go:114.2,114.26 1 5
github.com/rivaas-dev/rivaas/metrics/recording.go:114.26,116.3 1 1
github.com/rivaas-dev/rivaas/metrics/recording.go:118.2,139.25 8 4
github.com/rivaas-dev/rivaas/metrics/recording.go:139.25,140.35 1 1
github.com/rivaas-dev/rivaas/metrics/recording.go:140.35,141.39 1 6
github.com/rivaas-dev/rivaas/metrics/recording.go:141.39,142.45 1 0
github.com/rivaas-dev/rivaas/metrics/recording.go:142.45,146.6 3 0
github.com/rivaas-dev/rivaas/metrics/recording.go:147.5,147.10 1 0
github.com/rivaas-dev/rivaas/metrics/recording.go:152.2,152.16 1 4
github.com/rivaas-dev/rivaas/metrics/recording.go:156.110,158.34 2 5
github.com/rivaas-dev/rivaas/metrics/recording.go:158.34,160.3 1 1
github.com/rivaas-dev/rivaas/metrics/recording.go:163.2,183.23 8 4
github.com/rivaas-dev/rivaas/metrics/recording.go:183.23,186.3 2 0
github.com/rivaas-dev/rivaas/metrics/recording.go:189.2,189.22 1 4
github.com/rivaas-dev/rivaas/metrics/recording.go:189.22,191.3 1 4
github.com/rivaas-dev/rivaas/metrics/recording.go:195.44,196.9 1 14
github.com/rivaas-dev/rivaas/metrics/recording.go:197.45,198.15 1 6
github.com/rivaas-dev/rivaas/metrics/recording.go:199.45,200.15 1 2
github.com/rivaas-dev/rivaas/metrics/recording.go:201.45,202.15 1 2
github.com/rivaas-dev/rivaas/metrics/recording.go:203.25,204.15 1 3
github.com/rivaas-dev/rivaas/metrics/recording.go:205.10,206.19 1 1
github.com/rivaas-dev/rivaas/metrics/recording.go:213.114,214.16 1 6
github.com/rivaas-dev/rivaas/metrics/recording.go:214.16,216.3 1 1
github.com/rivaas-dev/rivaas/metrics/recording.go:219.2,219.49 1 5
github.com/rivaas-dev/rivaas/metrics/recording.go:219.49,223.3 3 0
github.com/rivaas-dev/rivaas/metrics/recording.go:226.2,226.9 1 5
github.com/rivaas-dev/rivaas/metrics/recording.go:227.20,228.9 1 1
github.com/rivaas-dev/rivaas/metrics/recording.go:229.10,229.10 0 4
github.com/rivaas-dev/rivaas/metrics/recording.go:233.2,234.16 2 4
github.com/rivaas-dev/rivaas/metrics/recording.go:234.16,239.3 3 0
github.com/rivaas-dev/rivaas/metrics/recording.go:242.2,242.68 1 4
github.com/rivaas-dev/rivaas/metrics/recording.go:248.103,249.16 1 954
github.com/rivaas-dev/rivaas/metrics/recording.go:249.16,251.3 1 1
github.com/rivaas-dev/rivaas/metrics/recording.go:254.2,254.49 1 953
github.com/rivaas-dev/rivaas/metrics/recording.go:254.49,258.3 3 11
github.com/rivaas-dev/rivaas/metrics/recording.go:261.2,261.9 1 942
github.com/rivaas-dev/rivaas/metrics/recording.go:262.20,263.9 1 1
github.com/rivaas-dev/rivaas/metrics/recording.go:264.10,264.10 0 941
github.com/rivaas-dev/rivaas/metrics/recording.go:268.2,269.16 2 941
github.com/rivaas-dev/rivaas/metrics/recording.go:269.16,274.3 3 492
github.com/rivaas-dev/rivaas/metrics/recording.go:277.2,277.59 1 449
github.com/rivaas-dev/rivaas/metrics/recording.go:283.110,284.16 1 6
github.com/rivaas-dev/rivaas/metrics/recording.go:284.16,286.3 1 1
github.com/rivaas-dev/rivaas/metrics/recording.go:289.2,289.49 1 5
github.com/rivaas-dev/rivaas/metrics/recording.go:289.49,293.3 3 0
github.com/rivaas-dev/rivaas/metrics/recording.go:296.2,296.9 1 5
github.com/rivaas-dev/rivaas/metrics/recording.go:297.20,298.9 1 1
github.com/rivaas-dev/rivaas/metrics/recording.go:299.10,299.10 0 4
github.com/rivaas-dev/rivaas/metrics/recording.go:303.2,304.16 2 4
github.com/rivaas-dev/rivaas/metrics/recording.go:304.16,309.3 3 0
github.com/rivaas-dev/rivaas/metrics/recording.go:312.2,312.64 1 4
github.com/rivaas-dev/rivaas/metrics/recording.go:316.84,317.16 1 5
github.com/rivaas-dev/rivaas/metrics/recording.go:317.16,319.3 1 1
github.com/rivaas-dev/rivaas/metrics/recording.go:321.2,328.64 2 4
github.com/rivaas-dev/rivaas/metrics/recording.go:332.60,333.16 1 3
github.com/rivaas-dev/rivaas/metrics/recording.go:333.16,335.3 1 1
github.com/rivaas-dev/rivaas/metrics/recording.go:337.2,338.31 2 2
github.com/rivaas-dev/rivaas/metrics/recording.go:342.61,343.16 1 2
github.com/rivaas-dev/rivaas/metrics/recording.go:343.16,345.3 1 1
github.com/rivaas-dev/rivaas/metrics/recording.go:347.2,348.33 2 1
github.com/rivaas-dev/rivaas/metrics/recording.go:352.116,353.16 1 3
github.com/rivaas-dev/rivaas/metrics/recording.go:353.16,355.3 1 1
github.com/rivaas-dev/rivaas/metrics/recording.go:357.2,364.67 3 2
github.com/rivaas-dev/rivaas/metrics/recording.go:368.44,377.16 3 62
github.com/rivaas-dev/rivaas/metrics/recording.go:377.16,379.3 1 0
github.com/rivaas-dev/rivaas/metrics/recording.go:382.2,386.16 2 62
github.com/rivaas-dev/rivaas/metrics/recording.go:386.16,388.3 1 0
github.com/rivaas-dev/rivaas/metrics/recording.go:391.2,395.16 2 62
github.com/rivaas-dev/rivaas/metrics/recording.go:395.16,397.3 1 0
github.com/rivaas-dev/rivaas/metrics/recording.go:400.2,405.16 2 62
github.com/rivaas-dev/rivaas/metrics/recording.go:405.16,407.3 1 0
github.com/rivaas-dev/rivaas/metrics/recording.go:410.2,415.16 2 62
github.com/rivaas-dev/rivaas/metrics/recording.go:415.16,417.3 1 0
github.com/rivaas-dev/rivaas/metrics/recording.go:420.2,424.16 2 62
github.com/rivaas-dev/rivaas/metrics/recording.go:424.16,426.3 1 0
github.com/rivaas-dev/rivaas/metrics/recording.go:429.2,433.16 2 62
github.com/rivaas-dev/rivaas/metrics/recording.go:433.16,435.3 1 0
github.com/rivaas-dev/rivaas/metrics/recording.go:438.2,442.16 2 62
github.com/rivaas-dev/rivaas/metrics/recording.go:442.16,444.3 1 0
github.com/rivaas-dev/rivaas/metrics/recording.go:447.2,451.16 2 62
github.com/rivaas-dev/rivaas/metrics/recording.go:451.16,453.3 1 0
github.com/rivaas-dev/rivaas/metrics/recording.go:456.2,460.16 2 62
github.com/rivaas-dev/rivaas/metrics/recording.go:460.16,462.3 1 0
github.com/rivaas-dev/rivaas/metrics/recording.go:465.2,469.16 2 62
github.com/rivaas-dev/rivaas/metrics/recording.go:469.16,471.3 1 0
github.com/rivaas-dev/rivaas/metrics/recording.go:474.2,478.16 2 62
github.com/rivaas-dev/rivaas/metrics/recording.go:478.16,480.3 1 0
github.com/rivaas-dev/rivaas/metrics/recording.go:482.2,482.12 1 62
github.com/rivaas-dev/rivaas/metrics/recording.go:486.49,488.2 1 4
github.com/rivaas-dev/rivaas/metrics/recording.go:490.50,492.2 1 4
github.com/rivaas-dev/rivaas/metrics/recording.go:494.58,496.2 1 4
github.com/rivaas-dev/rivaas/metrics/recording.go:498.47,500.2 1 0
github.com/rivaas-dev/rivaas/metrics/recording.go:502.56,504.2 1 503
github.com/rivaas-dev/rivaas/metrics/recording.go:506.45,508.2 1 84
github.com/rivaas-dev/rivaas/metrics/recording.go:511.51,513.2 1 1
github.com/rivaas-dev/rivaas/metrics/recording.go:515.53,517.2 1 1
github.com/rivaas-dev/rivaas/metrics/recording.go:519.56,521.2 1 45
github.com/rivaas-dev/rivaas/metrics/recording.go:523.46,525.2 1 1
github.com/rivaas-dev/rivaas/metrics/recording.go:528.75,531.2 2 2204
github.com/rivaas-dev/rivaas/metrics/recording.go:533.81,536.2 2 1008
github.com/rivaas-dev/rivaas/metrics/recording.go:538.73,541.2 2 1008
github.com/rivaas-dev/rivaas/metrics/recording.go:562.128,563.55 1 259
github.com/rivaas-dev/rivaas/metrics/recording.go:563.55,567.97 4 567
github.com/rivaas-dev/rivaas/metrics/recording.go:567.97,569.19 1 259
github.com/rivaas-dev/rivaas/metrics/recording.go:569.19,572.5 2 84
github.com/rivaas-dev/rivaas/metrics/recording.go:573.4,573.14 1 259
github.com/rivaas-dev/rivaas/metrics/recording.go:576.3,576.36 1 308
github.com/rivaas-dev/rivaas/metrics/recording.go:576.36,578.4 1 32
github.com/rivaas-dev/rivaas/metrics/recording.go:580.2,581.87 2 0
github.com/rivaas-dev/rivaas/metrics/recording.go:586.138,587.55 1 4
github.com/rivaas-dev/rivaas/metrics/recording.go:587.55,591.99 4 4
github.com/rivaas-dev/rivaas/metrics/recording.go:591.99,593.19 1 4
github.com/rivaas-dev/rivaas/metrics/recording.go:593.19,596.5 2 0
github.com/rivaas-dev/rivaas/metrics/recording.go:597.4,597.14 1 4
github.com/rivaas-dev/rivaas/metrics/recording.go:600.3,600.36 1 0
github.com/rivaas-dev/rivaas/metrics/recording.go:600.36,602.4 1 0
github.com/rivaas-dev/rivaas/metrics/recording.go:604.2,605.89 2 0
github.com/rivaas-dev/rivaas/metrics/recording.go:610.126,611.55 1 4
github.com/rivaas-dev/rivaas/metrics/recording.go:611.55,615.95 4 4
github.com/rivaas-dev/rivaas/metrics/recording.go:615.95,617.19 1 4
github.com/rivaas-dev/rivaas/metrics/recording.go:617.19,620.5 2 0
github.com/rivaas-dev/rivaas/metrics/recording.go:621.4,621.14 1 4
github.com/rivaas-dev/rivaas/metrics/recording.go:624.3,624.36 1 0
github.com/rivaas-dev/rivaas/metrics/recording.go:624.36,626.4 1 0
github.com/rivaas-dev/rivaas/metrics/recording.go:628.2,629.85 2 0
github.com/rivaas-dev/rivaas/metrics/recording.go:635.100,638.47 2 941
github.com/rivaas-dev/rivaas/metrics/recording.go:638.47,640.3 1 187
github.com/rivaas-dev/rivaas/metrics/recording.go:643.2,643.9 1 754
github.com/rivaas-dev/rivaas/metrics/recording.go:644.20,645.24 1 0
github.com/rivaas-dev/rivaas/metrics/recording.go:646.10,646.10 0 754
github.com/rivaas-dev/rivaas/metrics/recording.go:650.2,650.6 1 754
github.com/rivaas-dev/rivaas/metrics/recording.go:650.6,654.48 2 764
github.com/rivaas-dev/rivaas/metrics/recording.go:654.48,660.4 1 492
github.com/rivaas-dev/rivaas/metrics/recording.go:663.3,663.92 1 272
github.com/rivaas-dev/rivaas/metrics/recording.go:663.92,667.49 2 262
github.com/rivaas-dev/rivaas/metrics/recording.go:667.49,671.5 2 3
github.com/rivaas-dev/rivaas/metrics/recording.go:673.4,673.9 1 259
github.com/rivaas-dev/rivaas/metrics/recording.go:680.2,684.16 2 259
github.com/rivaas-dev/rivaas/metrics/recording.go:684.16,688.3 2 0
github.com/rivaas-dev/rivaas/metrics/recording.go:691.2,694.117 3 259
github.com/rivaas-dev/rivaas/metrics/recording.go:694.117,696.55 1 567
github.com/rivaas-dev/rivaas/metrics/recording.go:696.55,700.4 3 32
github.com/rivaas-dev/rivaas/metrics/recording.go:703.3,704.29 2 535
github.com/rivaas-dev/rivaas/metrics/recording.go:704.29,706.4 1 31465
github.com/rivaas-dev/rivaas/metrics/recording.go:707.3,709.16 3 535
github.com/rivaas-dev/rivaas/metrics/recording.go:710.17,714.3 2 0
github.com/rivaas-dev/rivaas/metrics/recording.go:717.2,717.23 1 259
github.com/rivaas-dev/rivaas/metrics/recording.go:717.23,719.3 1 24
github.com/rivaas-dev/rivaas/metrics/recording.go:721.2,721.26 1 259
github.com/rivaas-dev/rivaas/metrics/recording.go:727.106,730.51 2 4
github.com/rivaas-dev/rivaas/metrics/recording.go:730.51,732.3 1 0
github.com/rivaas-dev/rivaas/metrics/recording.go:735.2,735.9 1 4
github.com/rivaas-dev/rivaas/metrics/recording.go:736.20,737.24 1 0
github.com/rivaas-dev/rivaas/metrics/recording.go:738.10,738.10 0 4
github.com/rivaas-dev/rivaas/metrics/recording.go:742.2,742.6 1 4
github.com/rivaas-dev/rivaas/metrics/recording.go:742.6,746.48 2 4
github.com/rivaas-dev/rivaas/metrics/recording.go:746.48,752.4 1 0
github.com/rivaas-dev/rivaas/metrics/recording.go:755.3,755.92 1 4
github.com/rivaas-dev/rivaas/metrics/recording.go:755.92,759.53 2 4
github.com/rivaas-dev/rivaas/metrics/recording.go:759.53,763.5 2 0
github.com/rivaas-dev/rivaas/metrics/recording.go:765.4,765.9 1 4
github.com/rivaas-dev/rivaas/metrics/recording.go:772.2,776.16 2 4
github.com/rivaas-dev/rivaas/metrics/recording.go:776.16,780.3 2 0
github.com/rivaas-dev/rivaas/metrics/recording.go:783.2,786.127 3 4
github.com/rivaas-dev/rivaas/metrics/recording.go:786.127,788.57 1 4
github.com/rivaas-dev/rivaas/metrics/recording.go:788.57,792.4 3 0
github.com/rivaas-dev/rivaas/metrics/recording.go:795.3,796.29 2 4
github.com/rivaas-dev/rivaas/metrics/recording.go:796.29,798.4 1 0
github.com/rivaas-dev/rivaas/metrics/recording.go:799.3,801.16 3 4
github.com/rivaas-dev/rivaas/metrics/recording.go:802.17,806.3 2 0
github.com/rivaas-dev/rivaas/metrics/recording.go:809.2,809.23 1 4
github.com/rivaas-dev/rivaas/metrics/recording.go:809.23,811.3 1 0
github.com/rivaas-dev/rivaas/metrics/recording.go:813.2,813.28 1 4
github.com/rivaas-dev/rivaas/metrics/recording.go:819.98,822.43 2 4
github.com/rivaas-dev/rivaas/metrics/recording.go:822.43,824.3 1 0
github.com/rivaas-dev/rivaas/metrics/recording.go:827.2,827.9 1 4
github.com/rivaas-dev/rivaas/metrics/recording.go:828.20,829.24 1 0
github.com/rivaas-dev/rivaas/metrics/recording.go:830.10,830.10 0 4
github.com/rivaas-dev/rivaas/metrics/recording.go:834.2,834.6 1 4
github.com/rivaas-dev/rivaas/metrics/recording.go:834.6,838.48 2 4
github.com/rivaas-dev/rivaas/metrics/recording.go:838.48,844.4 1 0
github.com/rivaas-dev/rivaas/metrics/recording.go:847.3,847.92 1 4
github.com/rivaas-dev/rivaas/metrics/recording.go:847.92,851.45 2 4
github.com/rivaas-dev/rivaas/metrics/recording.go:851.45,855.5 2 0
github.com/rivaas-dev/rivaas/metrics/recording.go:857.4,857.9 1 4
github.com/rivaas-dev/rivaas/metrics/recording.go:864.2,868.16 2 4
github.com/rivaas-dev/rivaas/metrics/recording.go:868.16,872.3 2 0
github.com/rivaas-dev/rivaas/metrics/recording.go:875.2,878.115 3 4
github.com/rivaas-dev/rivaas/metrics/recording.go:878.115,880.53 1 4
github.com/rivaas-dev/rivaas/metrics/recording.go:880.53,884.4 3 0
github.com/rivaas-dev/rivaas/metrics/recording.go:887.3,888.29 2 4
github.com/rivaas-dev/rivaas/metrics/recording.go:888.29,890.4 1 0
github.com/rivaas-dev/rivaas/metrics/recording.go:891.3,893.16 3 4
github.com/rivaas-dev/rivaas/metrics/recording.go:894.17,898.3 2 0
github.com/rivaas-dev/rivaas/metrics/recording.go:901.2,901.23 1 4
github.com/rivaas-dev/rivaas/metrics/recording.go:901.23,903.3 1 0
github.com/rivaas-dev/rivaas/metrics/recording.go:905.2,905.24 1 4
github.com/rivaas-dev/rivaas/metrics/router.go:56.46,57.29 1 0
github.com/rivaas-dev/rivaas/metrics/router.go:57.29,63.77 2 0
github.com/rivaas-dev/rivaas/metrics/router.go:63.77,65.4 1 0
github.com/rivaas-dev/rivaas/metrics/router.go:70.56,71.29 1 0
github.com/rivaas-dev/rivaas/metrics/router.go:71.29,72.77 1 0
github.com/rivaas-dev/rivaas/metrics/router.go:72.77,74.4 1 0
github.com/rivaas-dev/rivaas/metrics/router.go:85.65,86.46 1 1
github.com/rivaas-dev/rivaas/metrics/router.go:86.46,87.72 1 1
github.com/rivaas-dev/rivaas/metrics/router.go:87.72,88.27 1 1
github.com/rivaas-dev/rivaas/metrics/router.go:88.27,91.5 2 0
github.com/rivaas-dev/rivaas/metrics/router.go:94.4,94.39 1 1
github.com/rivaas-dev/rivaas/metrics/router.go:94.39,97.5 2 0
github.com/rivaas-dev/rivaas/metrics/router.go:100.4,110.27 2 1
github.com/rivaas-dev/rivaas/metrics/router.go:110.27,112.5 1 0
github.com/rivaas-dev/rivaas/metrics/router.go:115.4,115.48 1 1
github.com/rivaas-dev/rivaas/metrics/router.go:115.48,116.51 1 0
github.com/rivaas-dev/rivaas/metrics/router.go:116.51,121.6 1 0
github.com/rivaas-dev/rivaas/metrics/router.go:125.4,137.80 5 1
github.com/rivaas-dev/rivaas/metrics/router.go:151.49,152.17 1 3
github.com/rivaas-dev/rivaas/metrics/router.go:152.17,156.3 3 2
github.com/rivaas-dev/rivaas/metrics/router.go:160.56,161.17 1 4
github.com/rivaas-dev/rivaas/metrics/router.go:161.17,163.3 1 2
github.com/rivaas-dev/rivaas/metrics/router.go:164.2,164.24 1 4
github.com/rivaas-dev/rivaas/metrics/router.go:164.24,166.3 1 2
github.com/rivaas-dev/rivaas/metrics/router.go:167.2,169.15 3 4
github.com/rivaas-dev/rivaas/metrics/router.go:173.44,174.24 1 5
github.com/rivaas-dev/rivaas/metrics/router.go:174.24,176.3 1 1
github.com/rivaas-dev/rivaas/metrics/router.go:177.2,177.22 1 4
github.com/rivaas-dev/rivaas/metrics/router.go:181.38,183.2 1 3
github.com/rivaas-dev/rivaas/metrics/router.go:191.56,193.2 1 1
github.com/rivaas-dev/rivaas/metrics/router.go:196.123,198.2 1 1
github.com/rivaas-dev/rivaas/metrics/router.go:201.112,203.2 1 1
github.com/rivaas-dev/rivaas/metrics/router.go:206.119,208.2 1 1
github.com/rivaas-dev/rivaas/metrics/router.go:211.47,213.2 1 1
github.com/rivaas-dev/rivaas/metrics/router.go:218.44,220.2 1 1
